20:23:29.483 [[34mmain[0;39m] [34mINFO [0;39m c.yh.SSMApplication - [[34mlogStarting[0;39m,55] - Starting SSMApplication using Java 1.8.0_201 on YL with PID 100 (D:\java\test\target\classes started by YL in D:\java\test)
20:23:29.485 [[34mmain[0;39m] [34mINFO [0;39m c.yh.SSMApplication - [[34mlogStartupProfileInfo[0;39m,663] - No active profile set, falling back to default profiles: default
20:23:33.452 [[34mmain[0;39m] [34mINFO [0;39m c.yh.SSMApplication - [[34mlogStarted[0;39m,61] - Started SSMApplication in 4.373 seconds (JVM running for 5.683)
20:23:33.936 [[34mhttp-nio-80-exec-1[0;39m] [34mINFO [0;39m com.yh.aop.LogAop - [[34mbefore[0;39m,46] - ==============>>>>>2023-11-08 20:23:33è¿›å…¥åˆ°äº†UserServiceImplç±»çš„loadUserByUsernameæ–¹æ³•ï¼Œå‚æ•°æ˜¯:[zhang]
20:23:43.852 [[34mhttp-nio-80-exec-4[0;39m] [34mINFO [0;39m com.yh.aop.LogAop - [[34mbefore[0;39m,46] - ==============>>>>>2023-11-08 20:23:43è¿›å…¥åˆ°äº†UserServiceImplç±»çš„loadUserByUsernameæ–¹æ³•ï¼Œå‚æ•°æ˜¯:[jack]
20:23:45.567 [[34mhttp-nio-80-exec-10[0;39m] [34mINFO [0;39m com.yh.aop.LogAop - [[34mbefore[0;39m,46] - ==============>>>>>2023-11-08 20:23:45è¿›å…¥åˆ°äº†UserServiceImplç±»çš„findAllUsersæ–¹æ³•ï¼Œå‚æ•°æ˜¯:[]
20:23:45.652 [[34mhttp-nio-80-exec-10[0;39m] [34mINFO [0;39m com.yh.aop.LogAop - [[34mafter[0;39m,63] - ==============>>>>>2023-11-08 20:23:45æ‰§è¡ŒUserServiceImplç±»çš„findAllUsersæ–¹æ³•ç»“æŸ,èŠ±è´¹çš„æ—¶é—´æ˜¯ï¼š86ms
20:23:48.339 [[34mhttp-nio-80-exec-9[0;39m] [34mINFO [0;39m com.yh.aop.LogAop - [[34mbefore[0;39m,46] - ==============>>>>>2023-11-08 20:23:48è¿›å…¥åˆ°äº†UserServiceImplç±»çš„findAllUsersæ–¹æ³•ï¼Œå‚æ•°æ˜¯:[]
20:23:48.347 [[34mhttp-nio-80-exec-9[0;39m] [34mINFO [0;39m com.yh.aop.LogAop - [[34mafter[0;39m,63] - ==============>>>>>2023-11-08 20:23:48æ‰§è¡ŒUserServiceImplç±»çš„findAllUsersæ–¹æ³•ç»“æŸ,èŠ±è´¹çš„æ—¶é—´æ˜¯ï¼š8ms
20:23:55.225 [[34mmain[0;39m] [34mINFO [0;39m c.yh.SSMApplication - [[34mlogStarting[0;39m,55] - Starting SSMApplication using Java 1.8.0_201 on YL with PID 24044 (D:\java\test\target\classes started by YL in D:\java\test)
20:23:55.227 [[34mmain[0;39m] [34mINFO [0;39m c.yh.SSMApplication - [[34mlogStartupProfileInfo[0;39m,663] - No active profile set, falling back to default profiles: default
20:23:58.353 [[34mmain[0;39m] [34mINFO [0;39m c.yh.SSMApplication - [[34mlogStarted[0;39m,61] - Started SSMApplication in 3.596 seconds (JVM running for 4.52)
20:25:48.687 [[34mmain[0;39m] [34mINFO [0;39m c.yh.SSMApplication - [[34mlogStarting[0;39m,55] - Starting SSMApplication using Java 1.8.0_201 on YL with PID 14416 (D:\java\ssmTralvle\target\classes started by YL in D:\java\ssmTralvle)
20:25:48.690 [[34mmain[0;39m] [34mINFO [0;39m c.yh.SSMApplication - [[34mlogStartupProfileInfo[0;39m,663] - No active profile set, falling back to default profiles: default
20:25:51.762 [[34mmain[0;39m] [34mINFO [0;39m c.yh.SSMApplication - [[34mlogStarted[0;39m,61] - Started SSMApplication in 3.463 seconds (JVM running for 4.375)
20:26:07.606 [[34mhttp-nio-80-exec-4[0;39m] [34mINFO [0;39m com.yh.aop.LogAop - [[34mbefore[0;39m,46] - ==============>>>>>2023-11-08 20:26:07è¿›å…¥åˆ°äº†UserServiceImplç±»çš„loadUserByUsernameæ–¹æ³•ï¼Œå‚æ•°æ˜¯:[jack]
20:26:13.203 [[34mhttp-nio-80-exec-1[0;39m] [34mINFO [0;39m com.yh.aop.LogAop - [[34mbefore[0;39m,46] - ==============>>>>>2023-11-08 20:26:13è¿›å…¥åˆ°äº†UserServiceImplç±»çš„findAllUsersæ–¹æ³•ï¼Œå‚æ•°æ˜¯:[]
20:26:13.279 [[34mhttp-nio-80-exec-1[0;39m] [34mINFO [0;39m com.yh.aop.LogAop - [[34mafter[0;39m,63] - ==============>>>>>2023-11-08 20:26:13æ‰§è¡ŒUserServiceImplç±»çš„findAllUsersæ–¹æ³•ç»“æŸ,èŠ±è´¹çš„æ—¶é—´æ˜¯ï¼š76ms
21:46:22.849 [[34mmain[0;39m] [34mINFO [0;39m c.yh.SSMApplication - [[34mlogStarting[0;39m,55] - Starting SSMApplication using Java 1.8.0_201 on YL with PID 4296 (D:\java\ssmTralvle\target\classes started by YL in D:\java\ssmTralvle)
21:46:22.851 [[34mmain[0;39m] [34mINFO [0;39m c.yh.SSMApplication - [[34mlogStartupProfileInfo[0;39m,663] - No active profile set, falling back to default profiles: default
21:46:28.007 [[34mmain[0;39m] [34mINFO [0;39m c.yh.SSMApplication - [[34mlogStarted[0;39m,61] - Started SSMApplication in 6.063 seconds (JVM running for 7.292)
21:46:41.412 [[34mhttp-nio-80-exec-5[0;39m] [34mINFO [0;39m com.yh.aop.LogAop - [[34mbefore[0;39m,46] - ==============>>>>>2023-11-08 21:46:41è¿›å…¥åˆ°äº†UserServiceImplç±»çš„loadUserByUsernameæ–¹æ³•ï¼Œå‚æ•°æ˜¯:[jack]
21:48:12.073 [[34mhttp-nio-80-exec-5[0;39m] [34mINFO [0;39m com.yh.aop.LogAop - [[34mbefore[0;39m,46] - ==============>>>>>2023-11-08 21:48:12è¿›å…¥åˆ°äº†UserServiceImplç±»çš„loadUserByUsernameæ–¹æ³•ï¼Œå‚æ•°æ˜¯:[jack]
21:48:12.094 [[34mhttp-nio-80-exec-5[0;39m] [34mINFO [0;39m com.yh.aop.LogAop - [[34mafter[0;39m,63] - ==============>>>>>2023-11-08 21:48:12æ‰§è¡ŒUserServiceImplç±»çš„loadUserByUsernameæ–¹æ³•ç»“æŸ,èŠ±è´¹çš„æ—¶é—´æ˜¯ï¼š20ms
21:51:05.013 [[34mmain[0;39m] [34mINFO [0;39m c.yh.SSMApplication - [[34mlogStarting[0;39m,55] - Starting SSMApplication using Java 1.8.0_201 on YL with PID 29252 (D:\java\ssmTralvle\target\classes started by YL in D:\java\ssmTralvle)
21:51:05.017 [[34mmain[0;39m] [34mINFO [0;39m c.yh.SSMApplication - [[34mlogStartupProfileInfo[0;39m,663] - No active profile set, falling back to default profiles: default
21:51:09.096 [[34mmain[0;39m] [34mINFO [0;39m c.yh.SSMApplication - [[34mlogStarted[0;39m,61] - Started SSMApplication in 4.631 seconds (JVM running for 6.245)
21:51:11.669 [[34mhttp-nio-80-exec-1[0;39m] [34mINFO [0;39m com.yh.aop.LogAop - [[34mbefore[0;39m,46] - ==============>>>>>2023-11-08 21:51:11è¿›å…¥åˆ°äº†UserServiceImplç±»çš„loadUserByUsernameæ–¹æ³•ï¼Œå‚æ•°æ˜¯:[jack]
21:51:21.461 [[34mhttp-nio-80-exec-7[0;39m] [34mINFO [0;39m com.yh.aop.LogAop - [[34mbefore[0;39m,46] - ==============>>>>>2023-11-08 21:51:21è¿›å…¥åˆ°äº†SysLogServiceImplç±»çš„findAllSysLogæ–¹æ³•ï¼Œå‚æ•°æ˜¯:[]
21:52:46.829 [[34mmain[0;39m] [34mINFO [0;39m c.yh.SSMApplication - [[34mlogStarting[0;39m,55] - Starting SSMApplication using Java 1.8.0_201 on YL with PID 2816 (D:\java\ssmTralvle\target\classes started by YL in D:\java\ssmTralvle)
21:52:46.833 [[34mmain[0;39m] [34mINFO [0;39m c.yh.SSMApplication - [[34mlogStartupProfileInfo[0;39m,663] - No active profile set, falling back to default profiles: default
21:52:51.139 [[34mmain[0;39m] [34mINFO [0;39m c.yh.SSMApplication - [[34mlogStarted[0;39m,61] - Started SSMApplication in 5.101 seconds (JVM running for 6.618)
21:53:03.786 [[34mhttp-nio-80-exec-10[0;39m] [34mINFO [0;39m com.yh.aop.LogAop - [[34mbefore[0;39m,46] - ==============>>>>>2023-11-08 21:53:03è¿›å…¥åˆ°äº†UserServiceImplç±»çš„loadUserByUsernameæ–¹æ³•ï¼Œå‚æ•°æ˜¯:[jack]
21:53:07.588 [[34mhttp-nio-80-exec-9[0;39m] [34mINFO [0;39m com.yh.aop.LogAop - [[34mbefore[0;39m,46] - ==============>>>>>2023-11-08 21:53:07è¿›å…¥åˆ°äº†SysLogServiceImplç±»çš„findAllSysLogæ–¹æ³•ï¼Œå‚æ•°æ˜¯:[]
22:17:00.096 [[34mmain[0;39m] [34mINFO [0;39m c.yh.SSMApplication - [[34mlogStarting[0;39m,55] - Starting SSMApplication using Java 1.8.0_201 on YL with PID 31192 (D:\java\ssmTralvle\target\classes started by YL in D:\java\ssmTralvle)
22:17:00.099 [[34mmain[0;39m] [34mINFO [0;39m c.yh.SSMApplication - [[34mlogStartupProfileInfo[0;39m,663] - No active profile set, falling back to default profiles: default
22:17:04.512 [[34mmain[0;39m] [34mINFO [0;39m c.yh.SSMApplication - [[34mlogStarted[0;39m,61] - Started SSMApplication in 4.948 seconds (JVM running for 6.435)
22:34:16.506 [[34mmain[0;39m] [34mINFO [0;39m c.yh.SSMApplication - [[34mlogStarting[0;39m,55] - Starting SSMApplication using Java 1.8.0_201 on YL with PID 26336 (D:\java\ssmTralvle\target\classes started by YL in D:\java\ssmTralvle)
22:34:16.509 [[34mmain[0;39m] [34mINFO [0;39m c.yh.SSMApplication - [[34mlogStartupProfileInfo[0;39m,663] - No active profile set, falling back to default profiles: default
22:34:20.382 [[34mmain[0;39m] [34mINFO [0;39m c.yh.SSMApplication - [[34mlogStarted[0;39m,61] - Started SSMApplication in 4.338 seconds (JVM running for 5.537)
22:35:45.298 [[34mmain[0;39m] [34mINFO [0;39m c.yh.SSMApplication - [[34mlogStarting[0;39m,55] - Starting SSMApplication using Java 1.8.0_201 on YL with PID 23620 (D:\java\ssmTralvle\target\classes started by YL in D:\java\ssmTralvle)
22:35:45.301 [[34mmain[0;39m] [34mINFO [0;39m c.yh.SSMApplication - [[34mlogStartupProfileInfo[0;39m,663] - No active profile set, falling back to default profiles: default
22:35:49.747 [[34mmain[0;39m] [34mINFO [0;39m c.yh.SSMApplication - [[34mlogStarted[0;39m,61] - Started SSMApplication in 4.832 seconds (JVM running for 6.259)
22:39:55.043 [[34mmain[0;39m] [34mINFO [0;39m c.yh.SSMApplication - [[34mlogStarting[0;39m,55] - Starting SSMApplication using Java 1.8.0_201 on YL with PID 28912 (D:\java\ssmTralvle\target\classes started by YL in D:\java\ssmTralvle)
22:39:55.047 [[34mmain[0;39m] [34mINFO [0;39m c.yh.SSMApplication - [[34mlogStartupProfileInfo[0;39m,663] - No active profile set, falling back to default profiles: default
22:39:59.119 [[34mmain[0;39m] [34mINFO [0;39m c.yh.SSMApplication - [[34mlogStarted[0;39m,61] - Started SSMApplication in 4.574 seconds (JVM running for 6.08)
22:42:45.159 [[34mmain[0;39m] [34mINFO [0;39m c.yh.SSMApplication - [[34mlogStarting[0;39m,55] - Starting SSMApplication using Java 1.8.0_201 on YL with PID 33516 (D:\java\ssmTralvle\target\classes started by YL in D:\java\ssmTralvle)
22:42:45.161 [[34mmain[0;39m] [34mINFO [0;39m c.yh.SSMApplication - [[34mlogStartupProfileInfo[0;39m,663] - No active profile set, falling back to default profiles: default
22:42:50.218 [[34mmain[0;39m] [34mINFO [0;39m c.yh.SSMApplication - [[34mlogStarting[0;39m,55] - Starting SSMApplication using Java 1.8.0_201 on YL with PID 32468 (D:\java\ssmTralvle\target\classes started by YL in D:\java\ssmTralvle)
22:42:50.222 [[34mmain[0;39m] [34mINFO [0;39m c.yh.SSMApplication - [[34mlogStartupProfileInfo[0;39m,663] - No active profile set, falling back to default profiles: default
22:42:53.469 [[34mmain[0;39m] [34mINFO [0;39m c.yh.SSMApplication - [[34mlogStarted[0;39m,61] - Started SSMApplication in 3.659 seconds (JVM running for 4.718)
22:44:44.938 [[34mmain[0;39m] [34mINFO [0;39m c.yh.SSMApplication - [[34mlogStarting[0;39m,55] - Starting SSMApplication using Java 1.8.0_201 on YL with PID 27928 (D:\java\ssmTralvle\target\classes started by YL in D:\java\ssmTralvle)
22:44:44.943 [[34mmain[0;39m] [34mINFO [0;39m c.yh.SSMApplication - [[34mlogStartupProfileInfo[0;39m,663] - No active profile set, falling back to default profiles: default
22:44:48.921 [[34mmain[0;39m] [34mINFO [0;39m c.yh.SSMApplication - [[34mlogStarted[0;39m,61] - Started SSMApplication in 4.383 seconds (JVM running for 5.494)
22:46:50.500 [[34mmain[0;39m] [34mINFO [0;39m c.yh.SSMApplication - [[34mlogStarting[0;39m,55] - Starting SSMApplication using Java 1.8.0_201 on YL with PID 20460 (D:\java\ssmTralvle\target\classes started by YL in D:\java\ssmTralvle)
22:46:50.503 [[34mmain[0;39m] [34mINFO [0;39m c.yh.SSMApplication - [[34mlogStartupProfileInfo[0;39m,663] - No active profile set, falling back to default profiles: default
22:46:54.207 [[34mmain[0;39m] [34mINFO [0;39m c.yh.SSMApplication - [[34mlogStarted[0;39m,61] - Started SSMApplication in 4.083 seconds (JVM running for 5.454)
22:48:14.989 [[34mmain[0;39m] [34mINFO [0;39m c.yh.SSMApplication - [[34mlogStarting[0;39m,55] - Starting SSMApplication using Java 1.8.0_201 on YL with PID 32832 (D:\java\ssmTralvle\target\classes started by YL in D:\java\ssmTralvle)
22:48:14.993 [[34mmain[0;39m] [34mINFO [0;39m c.yh.SSMApplication - [[34mlogStartupProfileInfo[0;39m,663] - No active profile set, falling back to default profiles: default
22:48:22.792 [[34mmain[0;39m] [34mINFO [0;39m c.yh.SSMApplication - [[34mlogStarting[0;39m,55] - Starting SSMApplication using Java 1.8.0_201 on YL with PID 20264 (D:\java\ssmTralvle\target\classes started by YL in D:\java\ssmTralvle)
22:48:22.794 [[34mmain[0;39m] [34mINFO [0;39m c.yh.SSMApplication - [[34mlogStartupProfileInfo[0;39m,663] - No active profile set, falling back to default profiles: default
22:48:26.757 [[34mmain[0;39m] [34mINFO [0;39m c.yh.SSMApplication - [[34mlogStarted[0;39m,61] - Started SSMApplication in 4.41 seconds (JVM running for 5.394)
22:48:29.940 [[34mhttp-nio-80-exec-4[0;39m] [34mINFO [0;39m com.yh.aop.LogAop - [[34mbefore[0;39m,46] - ==============>>>>>2023-11-08 22:48:29è¿›å…¥åˆ°äº†UserServiceImplç±»çš„loadUserByUsernameæ–¹æ³•ï¼Œå‚æ•°æ˜¯:[jack]
22:49:16.361 [[34mhttp-nio-80-exec-9[0;39m] [34mINFO [0;39m com.yh.aop.LogAop - [[34mbefore[0;39m,46] - ==============>>>>>2023-11-08 22:49:16è¿›å…¥åˆ°äº†UserServiceImplç±»çš„loadUserByUsernameæ–¹æ³•ï¼Œå‚æ•°æ˜¯:[jack]
22:49:16.401 [[34mhttp-nio-80-exec-9[0;39m] [34mINFO [0;39m com.yh.aop.LogAop - [[34mafter[0;39m,63] - ==============>>>>>2023-11-08 22:49:16æ‰§è¡ŒUserServiceImplç±»çš„loadUserByUsernameæ–¹æ³•ç»“æŸ,èŠ±è´¹çš„æ—¶é—´æ˜¯ï¼š40ms
22:49:51.595 [[34mmain[0;39m] [34mINFO [0;39m c.yh.SSMApplication - [[34mlogStarting[0;39m,55] - Starting SSMApplication using Java 1.8.0_201 on YL with PID 31828 (D:\java\ssmTralvle\target\classes started by YL in D:\java\ssmTralvle)
22:49:51.600 [[34mmain[0;39m] [34mINFO [0;39m c.yh.SSMApplication - [[34mlogStartupProfileInfo[0;39m,663] - No active profile set, falling back to default profiles: default
22:49:55.980 [[34mmain[0;39m] [34mINFO [0;39m c.yh.SSMApplication - [[34mlogStarted[0;39m,61] - Started SSMApplication in 4.972 seconds (JVM running for 6.497)
22:49:59.138 [[34mhttp-nio-80-exec-3[0;39m] [34mINFO [0;39m com.yh.aop.LogAop - [[34mbefore[0;39m,46] - ==============>>>>>2023-11-08 22:49:59è¿›å…¥åˆ°äº†UserServiceImplç±»çš„loadUserByUsernameæ–¹æ³•ï¼Œå‚æ•°æ˜¯:[jack]
22:51:10.635 [[34mhttp-nio-80-exec-6[0;39m] [34mINFO [0;39m com.yh.aop.LogAop - [[34mbefore[0;39m,46] - ==============>>>>>2023-11-08 22:51:10è¿›å…¥åˆ°äº†UserServiceImplç±»çš„loadUserByUsernameæ–¹æ³•ï¼Œå‚æ•°æ˜¯:[jack]
22:51:10.647 [[34mhttp-nio-80-exec-6[0;39m] [34mINFO [0;39m com.yh.aop.LogAop - [[34mafter[0;39m,63] - ==============>>>>>2023-11-08 22:51:10æ‰§è¡ŒUserServiceImplç±»çš„loadUserByUsernameæ–¹æ³•ç»“æŸ,èŠ±è´¹çš„æ—¶é—´æ˜¯ï¼š11ms
22:51:11.526 [[34mhttp-nio-80-exec-5[0;39m] [34mINFO [0;39m com.yh.aop.LogAop - [[34mbefore[0;39m,46] - ==============>>>>>2023-11-08 22:51:11è¿›å…¥åˆ°äº†UserServiceImplç±»çš„loadUserByUsernameæ–¹æ³•ï¼Œå‚æ•°æ˜¯:[jack]
22:51:11.530 [[34mhttp-nio-80-exec-5[0;39m] [34mINFO [0;39m com.yh.aop.LogAop - [[34mafter[0;39m,63] - ==============>>>>>2023-11-08 22:51:11æ‰§è¡ŒUserServiceImplç±»çš„loadUserByUsernameæ–¹æ³•ç»“æŸ,èŠ±è´¹çš„æ—¶é—´æ˜¯ï¼š4ms
22:51:12.102 [[34mhttp-nio-80-exec-1[0;39m] [34mINFO [0;39m com.yh.aop.LogAop - [[34mbefore[0;39m,46] - ==============>>>>>2023-11-08 22:51:12è¿›å…¥åˆ°äº†UserServiceImplç±»çš„loadUserByUsernameæ–¹æ³•ï¼Œå‚æ•°æ˜¯:[jack]
22:51:12.106 [[34mhttp-nio-80-exec-1[0;39m] [34mINFO [0;39m com.yh.aop.LogAop - [[34mafter[0;39m,63] - ==============>>>>>2023-11-08 22:51:12æ‰§è¡ŒUserServiceImplç±»çš„loadUserByUsernameæ–¹æ³•ç»“æŸ,èŠ±è´¹çš„æ—¶é—´æ˜¯ï¼š4ms
22:51:12.519 [[34mhttp-nio-80-exec-2[0;39m] [34mINFO [0;39m com.yh.aop.LogAop - [[34mbefore[0;39m,46] - ==============>>>>>2023-11-08 22:51:12è¿›å…¥åˆ°äº†UserServiceImplç±»çš„loadUserByUsernameæ–¹æ³•ï¼Œå‚æ•°æ˜¯:[jack]
22:51:12.523 [[34mhttp-nio-80-exec-2[0;39m] [34mINFO [0;39m com.yh.aop.LogAop - [[34mafter[0;39m,63] - ==============>>>>>2023-11-08 22:51:12æ‰§è¡ŒUserServiceImplç±»çš„loadUserByUsernameæ–¹æ³•ç»“æŸ,èŠ±è´¹çš„æ—¶é—´æ˜¯ï¼š5ms
22:51:13.634 [[34mhttp-nio-80-exec-4[0;39m] [34mINFO [0;39m com.yh.aop.LogAop - [[34mbefore[0;39m,46] - ==============>>>>>2023-11-08 22:51:13è¿›å…¥åˆ°äº†UserServiceImplç±»çš„loadUserByUsernameæ–¹æ³•ï¼Œå‚æ•°æ˜¯:[jack]
22:51:13.637 [[34mhttp-nio-80-exec-4[0;39m] [34mINFO [0;39m com.yh.aop.LogAop - [[34mafter[0;39m,63] - ==============>>>>>2023-11-08 22:51:13æ‰§è¡ŒUserServiceImplç±»çš„loadUserByUsernameæ–¹æ³•ç»“æŸ,èŠ±è´¹çš„æ—¶é—´æ˜¯ï¼š3ms
22:53:31.059 [[34mmain[0;39m] [34mINFO [0;39m c.yh.SSMApplication - [[34mlogStarting[0;39m,55] - Starting SSMApplication using Java 1.8.0_201 on YL with PID 25480 (D:\java\ssmTralvle\target\classes started by YL in D:\java\ssmTralvle)
22:53:31.064 [[34mmain[0;39m] [34mINFO [0;39m c.yh.SSMApplication - [[34mlogStartupProfileInfo[0;39m,663] - No active profile set, falling back to default profiles: default
22:53:35.082 [[34mmain[0;39m] [34mINFO [0;39m c.yh.SSMApplication - [[34mlogStarted[0;39m,61] - Started SSMApplication in 4.783 seconds (JVM running for 6.006)
22:54:15.322 [[34mmain[0;39m] [34mINFO [0;39m c.yh.SSMApplication - [[34mlogStarting[0;39m,55] - Starting SSMApplication using Java 1.8.0_201 on YL with PID 28464 (D:\java\ssmTralvle\target\classes started by YL in D:\java\ssmTralvle)
22:54:15.324 [[34mmain[0;39m] [34mINFO [0;39m c.yh.SSMApplication - [[34mlogStartupProfileInfo[0;39m,663] - No active profile set, falling back to default profiles: default
22:54:19.103 [[34mmain[0;39m] [34mINFO [0;39m c.yh.SSMApplication - [[34mlogStarted[0;39m,61] - Started SSMApplication in 4.157 seconds (JVM running for 5.238)
23:01:44.228 [[34mmain[0;39m] [34mINFO [0;39m c.yh.SSMApplication - [[34mlogStarting[0;39m,55] - Starting SSMApplication using Java 1.8.0_201 on YL with PID 28752 (D:\java\ssmTralvle\target\classes started by YL in D:\java\ssmTralvle)
23:01:44.232 [[34mmain[0;39m] [34mINFO [0;39m c.yh.SSMApplication - [[34mlogStartupProfileInfo[0;39m,663] - No active profile set, falling back to default profiles: default
23:01:48.376 [[34mmain[0;39m] [34mINFO [0;39m c.yh.SSMApplication - [[34mlogStarted[0;39m,61] - Started SSMApplication in 4.7 seconds (JVM running for 6.288)
23:03:06.992 [[34mmain[0;39m] [34mINFO [0;39m c.yh.SSMApplication - [[34mlogStarting[0;39m,55] - Starting SSMApplication using Java 1.8.0_201 on YL with PID 31236 (D:\java\ssmTralvle\target\classes started by YL in D:\java\ssmTralvle)
23:03:06.995 [[34mmain[0;39m] [34mINFO [0;39m c.yh.SSMApplication - [[34mlogStartupProfileInfo[0;39m,663] - No active profile set, falling back to default profiles: default
23:03:10.773 [[34mmain[0;39m] [34mINFO [0;39m c.yh.SSMApplication - [[34mlogStarted[0;39m,61] - Started SSMApplication in 4.306 seconds (JVM running for 5.497)
23:03:23.539 [[34mhttp-nio-80-exec-1[0;39m] [34mINFO [0;39m com.yh.aop.LogAop - [[34mbefore[0;39m,46] - ==============>>>>>2023-11-08 23:03:23è¿›å…¥åˆ°äº†UserServiceImplç±»çš„loadUserByUsernameæ–¹æ³•ï¼Œå‚æ•°æ˜¯:[jack]
23:07:31.691 [[34mmain[0;39m] [34mINFO [0;39m c.yh.SSMApplication - [[34mlogStarting[0;39m,55] - Starting SSMApplication using Java 1.8.0_201 on YL with PID 30136 (D:\java\ssmTralvle\target\classes started by YL in D:\java\ssmTralvle)
23:07:31.695 [[34mmain[0;39m] [34mINFO [0;39m c.yh.SSMApplication - [[34mlogStartupProfileInfo[0;39m,663] - No active profile set, falling back to default profiles: default
23:07:36.084 [[34mmain[0;39m] [34mINFO [0;39m c.yh.SSMApplication - [[34mlogStarted[0;39m,61] - Started SSMApplication in 4.879 seconds (JVM running for 5.907)
23:07:41.121 [[34mhttp-nio-80-exec-4[0;39m] [34mINFO [0;39m com.yh.aop.LogAop - [[34mbefore[0;39m,46] - ==============>>>>>2023-11-08 23:07:41è¿›å…¥åˆ°äº†UserServiceImplç±»çš„loadUserByUsernameæ–¹æ³•ï¼Œå‚æ•°æ˜¯:[jack]
23:08:04.457 [[34mmain[0;39m] [34mINFO [0;39m c.yh.SSMApplication - [[34mlogStarting[0;39m,55] - Starting SSMApplication using Java 1.8.0_201 on YL with PID 29120 (D:\java\ssmTralvle\target\classes started by YL in D:\java\ssmTralvle)
23:08:04.461 [[34mmain[0;39m] [34mINFO [0;39m c.yh.SSMApplication - [[34mlogStartupProfileInfo[0;39m,663] - No active profile set, falling back to default profiles: default
23:08:08.296 [[34mmain[0;39m] [34mINFO [0;39m c.yh.SSMApplication - [[34mlogStarted[0;39m,61] - Started SSMApplication in 4.378 seconds (JVM running for 5.764)
23:08:19.282 [[34mhttp-nio-80-exec-1[0;39m] [34mINFO [0;39m com.yh.aop.LogAop - [[34mbefore[0;39m,46] - ==============>>>>>2023-11-08 23:08:19è¿›å…¥åˆ°äº†UserServiceImplç±»çš„loadUserByUsernameæ–¹æ³•ï¼Œå‚æ•°æ˜¯:[jack]
23:08:40.853 [[34mhttp-nio-80-exec-8[0;39m] [34mINFO [0;39m com.yh.aop.LogAop - [[34mbefore[0;39m,46] - ==============>>>>>2023-11-08 23:08:40è¿›å…¥åˆ°äº†UserServiceImplç±»çš„loadUserByUsernameæ–¹æ³•ï¼Œå‚æ•°æ˜¯:[jack]
23:08:40.860 [[34mhttp-nio-80-exec-8[0;39m] [34mINFO [0;39m com.yh.aop.LogAop - [[34mafter[0;39m,63] - ==============>>>>>2023-11-08 23:08:40æ‰§è¡ŒUserServiceImplç±»çš„loadUserByUsernameæ–¹æ³•ç»“æŸ,èŠ±è´¹çš„æ—¶é—´æ˜¯ï¼š7ms
23:10:14.017 [[34mhttp-nio-80-exec-6[0;39m] [34mINFO [0;39m com.yh.aop.LogAop - [[34mbefore[0;39m,46] - ==============>>>>>2023-11-08 23:10:14è¿›å…¥åˆ°äº†UserServiceImplç±»çš„loadUserByUsernameæ–¹æ³•ï¼Œå‚æ•°æ˜¯:[user]
23:10:14.032 [[34mhttp-nio-80-exec-6[0;39m] [34mINFO [0;39m com.yh.aop.LogAop - [[34mafter[0;39m,63] - ==============>>>>>2023-11-08 23:10:14æ‰§è¡ŒUserServiceImplç±»çš„loadUserByUsernameæ–¹æ³•ç»“æŸ,èŠ±è´¹çš„æ—¶é—´æ˜¯ï¼š15ms
23:10:48.626 [[34mmain[0;39m] [34mINFO [0;39m c.yh.SSMApplication - [[34mlogStarting[0;39m,55] - Starting SSMApplication using Java 1.8.0_201 on YL with PID 33108 (D:\java\ssmTralvle\target\classes started by YL in D:\java\ssmTralvle)
23:10:48.629 [[34mmain[0;39m] [34mINFO [0;39m c.yh.SSMApplication - [[34mlogStartupProfileInfo[0;39m,663] - No active profile set, falling back to default profiles: default
23:10:53.206 [[34mmain[0;39m] [34mINFO [0;39m c.yh.SSMApplication - [[34mlogStarted[0;39m,61] - Started SSMApplication in 5.167 seconds (JVM running for 6.724)
23:11:28.271 [[34mhttp-nio-80-exec-8[0;39m] [34mINFO [0;39m com.yh.aop.LogAop - [[34mbefore[0;39m,46] - ==============>>>>>2023-11-08 23:11:28è¿›å…¥åˆ°äº†UserServiceImplç±»çš„loadUserByUsernameæ–¹æ³•ï¼Œå‚æ•°æ˜¯:[jack]
23:20:50.999 [[34mmain[0;39m] [34mINFO [0;39m c.yh.SSMApplication - [[34mlogStarting[0;39m,55] - Starting SSMApplication using Java 1.8.0_201 on YL with PID 24992 (D:\java\ssmTralvle\target\classes started by YL in D:\java\ssmTralvle)
23:20:51.002 [[34mmain[0;39m] [34mINFO [0;39m c.yh.SSMApplication - [[34mlogStartupProfileInfo[0;39m,663] - No active profile set, falling back to default profiles: default
23:20:55.985 [[34mmain[0;39m] [34mINFO [0;39m c.yh.SSMApplication - [[34mlogStarted[0;39m,61] - Started SSMApplication in 5.572 seconds (JVM running for 6.558)
23:20:56.281 [[34mhttp-nio-80-exec-1[0;39m] [34mINFO [0;39m com.yh.aop.LogAop - [[34mbefore[0;39m,46] - ==============>>>>>2023-11-08 23:20:56è¿›å…¥åˆ°äº†UserServiceImplç±»çš„loadUserByUsernameæ–¹æ³•ï¼Œå‚æ•°æ˜¯:[jack]
23:21:04.602 [[34mhttp-nio-80-exec-4[0;39m] [34mINFO [0;39m com.yh.aop.LogAop - [[34mbefore[0;39m,46] - ==============>>>>>2023-11-08 23:21:04è¿›å…¥åˆ°äº†UserServiceImplç±»çš„loadUserByUsernameæ–¹æ³•ï¼Œå‚æ•°æ˜¯:[jack]
23:21:04.605 [[34mhttp-nio-80-exec-4[0;39m] [34mINFO [0;39m com.yh.aop.LogAop - [[34mafter[0;39m,63] - ==============>>>>>2023-11-08 23:21:04æ‰§è¡ŒUserServiceImplç±»çš„loadUserByUsernameæ–¹æ³•ç»“æŸ,èŠ±è´¹çš„æ—¶é—´æ˜¯ï¼š3ms
23:21:26.820 [[34mhttp-nio-80-exec-10[0;39m] [34mINFO [0;39m com.yh.aop.LogAop - [[34mbefore[0;39m,46] - ==============>>>>>2023-11-08 23:21:26è¿›å…¥åˆ°äº†UserServiceImplç±»çš„loadUserByUsernameæ–¹æ³•ï¼Œå‚æ•°æ˜¯:[user]
23:21:26.859 [[34mhttp-nio-80-exec-10[0;39m] [34mINFO [0;39m com.yh.aop.LogAop - [[34mafter[0;39m,63] - ==============>>>>>2023-11-08 23:21:26æ‰§è¡ŒUserServiceImplç±»çš„loadUserByUsernameæ–¹æ³•ç»“æŸ,èŠ±è´¹çš„æ—¶é—´æ˜¯ï¼š39ms
23:21:34.531 [[34mhttp-nio-80-exec-1[0;39m] [34mINFO [0;39m com.yh.aop.LogAop - [[34mbefore[0;39m,46] - ==============>>>>>2023-11-08 23:21:34è¿›å…¥åˆ°äº†UserServiceImplç±»çš„loadUserByUsernameæ–¹æ³•ï¼Œå‚æ•°æ˜¯:[jack]
23:22:20.424 [[34mhttp-nio-80-exec-10[0;39m] [34mINFO [0;39m com.yh.aop.LogAop - [[34mbefore[0;39m,46] - ==============>>>>>2023-11-08 23:22:20è¿›å…¥åˆ°äº†UserServiceImplç±»çš„loadUserByUsernameæ–¹æ³•ï¼Œå‚æ•°æ˜¯:[jack]
23:22:20.428 [[34mhttp-nio-80-exec-10[0;39m] [34mINFO [0;39m com.yh.aop.LogAop - [[34mafter[0;39m,63] - ==============>>>>>2023-11-08 23:22:20æ‰§è¡ŒUserServiceImplç±»çš„loadUserByUsernameæ–¹æ³•ç»“æŸ,èŠ±è´¹çš„æ—¶é—´æ˜¯ï¼š4ms
23:22:21.365 [[34mhttp-nio-80-exec-9[0;39m] [34mINFO [0;39m com.yh.aop.LogAop - [[34mbefore[0;39m,46] - ==============>>>>>2023-11-08 23:22:21è¿›å…¥åˆ°äº†UserServiceImplç±»çš„loadUserByUsernameæ–¹æ³•ï¼Œå‚æ•°æ˜¯:[jack]
23:22:21.370 [[34mhttp-nio-80-exec-9[0;39m] [34mINFO [0;39m com.yh.aop.LogAop - [[34mafter[0;39m,63] - ==============>>>>>2023-11-08 23:22:21æ‰§è¡ŒUserServiceImplç±»çš„loadUserByUsernameæ–¹æ³•ç»“æŸ,èŠ±è´¹çš„æ—¶é—´æ˜¯ï¼š3ms
23:23:10.203 [[34mmain[0;39m] [34mINFO [0;39m c.yh.SSMApplication - [[34mlogStarting[0;39m,55] - Starting SSMApplication using Java 1.8.0_201 on YL with PID 21208 (D:\java\ssmTralvle\target\classes started by YL in D:\java\ssmTralvle)
23:23:10.208 [[34mmain[0;39m] [34mINFO [0;39m c.yh.SSMApplication - [[34mlogStartupProfileInfo[0;39m,663] - No active profile set, falling back to default profiles: default
23:23:14.236 [[34mmain[0;39m] [34mINFO [0;39m c.yh.SSMApplication - [[34mlogStarted[0;39m,61] - Started SSMApplication in 6.023 seconds (JVM running for 7.882)
23:23:17.168 [[34mhttp-nio-80-exec-2[0;39m] [34mINFO [0;39m com.yh.aop.LogAop - [[34mbefore[0;39m,46] - ==============>>>>>2023-11-08 23:23:17è¿›å…¥åˆ°äº†UserServiceImplç±»çš„loadUserByUsernameæ–¹æ³•ï¼Œå‚æ•°æ˜¯:[jack]
23:23:23.363 [[34mhttp-nio-80-exec-5[0;39m] [34mINFO [0;39m com.yh.aop.LogAop - [[34mbefore[0;39m,46] - ==============>>>>>2023-11-08 23:23:23è¿›å…¥åˆ°äº†UserServiceImplç±»çš„loadUserByUsernameæ–¹æ³•ï¼Œå‚æ•°æ˜¯:[jack]
23:23:23.370 [[34mhttp-nio-80-exec-5[0;39m] [34mINFO [0;39m com.yh.aop.LogAop - [[34mafter[0;39m,63] - ==============>>>>>2023-11-08 23:23:23æ‰§è¡ŒUserServiceImplç±»çš„loadUserByUsernameæ–¹æ³•ç»“æŸ,èŠ±è´¹çš„æ—¶é—´æ˜¯ï¼š8ms
23:23:40.660 [[34mmain[0;39m] [34mINFO [0;39m c.yh.SSMApplication - [[34mlogStarting[0;39m,55] - Starting SSMApplication using Java 1.8.0_201 on YL with PID 29076 (D:\java\ssmTralvle\target\classes started by YL in D:\java\ssmTralvle)
23:23:40.662 [[34mmain[0;39m] [34mINFO [0;39m c.yh.SSMApplication - [[34mlogStartupProfileInfo[0;39m,663] - No active profile set, falling back to default profiles: default
23:23:44.640 [[34mmain[0;39m] [34mINFO [0;39m c.yh.SSMApplication - [[34mlogStarted[0;39m,61] - Started SSMApplication in 4.416 seconds (JVM running for 5.857)
23:23:50.050 [[34mhttp-nio-80-exec-6[0;39m] [34mINFO [0;39m com.yh.aop.LogAop - [[34mbefore[0;39m,46] - ==============>>>>>2023-11-08 23:23:50è¿›å…¥åˆ°äº†UserServiceImplç±»çš„loadUserByUsernameæ–¹æ³•ï¼Œå‚æ•°æ˜¯:[jack]
23:23:50.990 [[34mhttp-nio-80-exec-2[0;39m] [34mINFO [0;39m com.yh.aop.LogAop - [[34mbefore[0;39m,46] - ==============>>>>>2023-11-08 23:23:50è¿›å…¥åˆ°äº†UserServiceImplç±»çš„loadUserByUsernameæ–¹æ³•ï¼Œå‚æ•°æ˜¯:[jack]
