08:06:39.424 [[34mmain[0;39m] [34mINFO [0;39m c.yh.SSMApplication - [[34mlogStarting[0;39m,55] - Starting SSMApplication using Java 1.8.0_201 on YL with PID 28088 (D:\java\ssmTralvle\target\classes started by YL in D:\java\ssmTralvle)
08:06:39.429 [[34mmain[0;39m] [34mINFO [0;39m c.yh.SSMApplication - [[34mlogStartupProfileInfo[0;39m,663] - No active profile set, falling back to default profiles: default
08:06:41.516 [[34mmain[0;39m] [34mINFO [0;39m c.yh.SSMApplication - [[34mlogStarted[0;39m,61] - Started SSMApplication in 2.452 seconds (JVM running for 3.147)
08:07:24.141 [[34mhttp-nio-80-exec-9[0;39m] [34mINFO [0;39m com.yh.aop.LogAop - [[34mbefore[0;39m,46] - ==============>>>>>2023-11-09 08:07:24进入到了UserServiceImpl类的loadUserByUsername方法，参数是:[jack]
08:07:26.629 [[34mhttp-nio-80-exec-8[0;39m] [34mINFO [0;39m com.yh.aop.LogAop - [[34mbefore[0;39m,46] - ==============>>>>>2023-11-09 08:07:26进入到了UserServiceImpl类的findAllUsers方法，参数是:[]
08:07:26.683 [[34mhttp-nio-80-exec-8[0;39m] [34mINFO [0;39m com.yh.aop.LogAop - [[34mafter[0;39m,63] - ==============>>>>>2023-11-09 08:07:26执行UserServiceImpl类的findAllUsers方法结束,花费的时间是：54ms
08:07:29.759 [[34mhttp-nio-80-exec-9[0;39m] [34mINFO [0;39m com.yh.aop.LogAop - [[34mbefore[0;39m,46] - ==============>>>>>2023-11-09 08:07:29进入到了RoleServiceImpl类的findAllRoles方法，参数是:[]
08:07:29.774 [[34mhttp-nio-80-exec-9[0;39m] [34mINFO [0;39m com.yh.aop.LogAop - [[34mafter[0;39m,63] - ==============>>>>>2023-11-09 08:07:29执行RoleServiceImpl类的findAllRoles方法结束,花费的时间是：15ms
08:07:50.396 [[34mhttp-nio-80-exec-10[0;39m] [34mINFO [0;39m com.yh.aop.LogAop - [[34mbefore[0;39m,46] - ==============>>>>>2023-11-09 08:07:50进入到了UserServiceImpl类的findAllUsers方法，参数是:[]
08:07:50.405 [[34mhttp-nio-80-exec-10[0;39m] [34mINFO [0;39m com.yh.aop.LogAop - [[34mafter[0;39m,63] - ==============>>>>>2023-11-09 08:07:50执行UserServiceImpl类的findAllUsers方法结束,花费的时间是：9ms
08:08:06.215 [[34mhttp-nio-80-exec-10[0;39m] [34mINFO [0;39m com.yh.aop.LogAop - [[34mbefore[0;39m,46] - ==============>>>>>2023-11-09 08:08:06进入到了UserServiceImpl类的loadUserByUsername方法，参数是:[jack]
08:08:18.411 [[34mhttp-nio-80-exec-4[0;39m] [34mINFO [0;39m com.yh.aop.LogAop - [[34mbefore[0;39m,46] - ==============>>>>>2023-11-09 08:08:18进入到了UserServiceImpl类的loadUserByUsername方法，参数是:[jack]
08:08:42.962 [[34mmain[0;39m] [34mINFO [0;39m c.yh.SSMApplication - [[34mlogStarting[0;39m,55] - Starting SSMApplication using Java 1.8.0_201 on YL with PID 29752 (D:\java\ssmTralvle\target\classes started by YL in D:\java\ssmTralvle)
08:08:42.964 [[34mmain[0;39m] [34mINFO [0;39m c.yh.SSMApplication - [[34mlogStartupProfileInfo[0;39m,663] - No active profile set, falling back to default profiles: default
08:08:47.091 [[34mmain[0;39m] [34mINFO [0;39m c.yh.SSMApplication - [[34mlogStarted[0;39m,61] - Started SSMApplication in 4.743 seconds (JVM running for 6.876)
08:09:34.742 [[34mmain[0;39m] [34mINFO [0;39m c.yh.SSMApplication - [[34mlogStarting[0;39m,55] - Starting SSMApplication using Java 1.8.0_201 on YL with PID 28936 (D:\java\ssmTralvle\target\classes started by YL in D:\java\ssmTralvle)
08:09:34.745 [[34mmain[0;39m] [34mINFO [0;39m c.yh.SSMApplication - [[34mlogStartupProfileInfo[0;39m,663] - No active profile set, falling back to default profiles: default
08:09:39.035 [[34mmain[0;39m] [34mINFO [0;39m c.yh.SSMApplication - [[34mlogStarted[0;39m,61] - Started SSMApplication in 5.027 seconds (JVM running for 6.775)
08:09:47.834 [[34mhttp-nio-80-exec-1[0;39m] [34mINFO [0;39m com.yh.aop.LogAop - [[34mbefore[0;39m,46] - ==============>>>>>2023-11-09 08:09:47进入到了UserServiceImpl类的loadUserByUsername方法，参数是:[jack]
08:10:45.808 [[34mhttp-nio-80-exec-3[0;39m] [34mINFO [0;39m com.yh.aop.LogAop - [[34mbefore[0;39m,46] - ==============>>>>>2023-11-09 08:10:45进入到了UserServiceImpl类的loadUserByUsername方法，参数是:[user]
08:10:45.813 [[34mhttp-nio-80-exec-3[0;39m] [34mINFO [0;39m com.yh.aop.LogAop - [[34mafter[0;39m,63] - ==============>>>>>2023-11-09 08:10:45执行UserServiceImpl类的loadUserByUsername方法结束,花费的时间是：5ms
08:10:47.470 [[34mhttp-nio-80-exec-5[0;39m] [34mINFO [0;39m com.yh.aop.LogAop - [[34mbefore[0;39m,46] - ==============>>>>>2023-11-09 08:10:47进入到了UserServiceImpl类的loadUserByUsername方法，参数是:[user]
08:10:48.180 [[34mhttp-nio-80-exec-8[0;39m] [34mINFO [0;39m com.yh.aop.LogAop - [[34mbefore[0;39m,46] - ==============>>>>>2023-11-09 08:10:48进入到了UserServiceImpl类的loadUserByUsername方法，参数是:[user]
08:10:48.774 [[34mhttp-nio-80-exec-2[0;39m] [34mINFO [0;39m com.yh.aop.LogAop - [[34mbefore[0;39m,46] - ==============>>>>>2023-11-09 08:10:48进入到了UserServiceImpl类的loadUserByUsername方法，参数是:[user]
08:10:49.250 [[34mhttp-nio-80-exec-10[0;39m] [34mINFO [0;39m com.yh.aop.LogAop - [[34mbefore[0;39m,46] - ==============>>>>>2023-11-09 08:10:49进入到了UserServiceImpl类的loadUserByUsername方法，参数是:[user]
08:10:49.712 [[34mhttp-nio-80-exec-3[0;39m] [34mINFO [0;39m com.yh.aop.LogAop - [[34mbefore[0;39m,46] - ==============>>>>>2023-11-09 08:10:49进入到了UserServiceImpl类的loadUserByUsername方法，参数是:[user]
08:10:54.689 [[34mhttp-nio-80-exec-5[0;39m] [34mINFO [0;39m com.yh.aop.LogAop - [[34mbefore[0;39m,46] - ==============>>>>>2023-11-09 08:10:54进入到了UserServiceImpl类的loadUserByUsername方法，参数是:[jack]
08:18:14.967 [[34mhttp-nio-80-exec-2[0;39m] [34mINFO [0;39m com.yh.aop.LogAop - [[34mbefore[0;39m,46] - ==============>>>>>2023-11-09 08:18:14进入到了UserServiceImpl类的loadUserByUsername方法，参数是:[tom]
08:18:24.023 [[34mhttp-nio-80-exec-5[0;39m] [34mINFO [0;39m com.yh.aop.LogAop - [[34mbefore[0;39m,46] - ==============>>>>>2023-11-09 08:18:24进入到了UserServiceImpl类的loadUserByUsername方法，参数是:[zhang]
08:19:09.436 [[34mhttp-nio-80-exec-4[0;39m] [34mINFO [0;39m com.yh.aop.LogAop - [[34mbefore[0;39m,46] - ==============>>>>>2023-11-09 08:19:09进入到了RoleServiceImpl类的findAllRoles方法，参数是:[]
08:19:09.570 [[34mhttp-nio-80-exec-4[0;39m] [34mINFO [0;39m com.yh.aop.LogAop - [[34mafter[0;39m,63] - ==============>>>>>2023-11-09 08:19:09执行RoleServiceImpl类的findAllRoles方法结束,花费的时间是：135ms
08:26:34.207 [[34mmain[0;39m] [34mINFO [0;39m c.yh.SSMApplication - [[34mlogStarting[0;39m,55] - Starting SSMApplication using Java 1.8.0_201 on YL with PID 28440 (D:\java\ssmTralvle\target\classes started by YL in D:\java\ssmTralvle)
08:26:34.210 [[34mmain[0;39m] [34mINFO [0;39m c.yh.SSMApplication - [[34mlogStartupProfileInfo[0;39m,663] - No active profile set, falling back to default profiles: default
08:26:38.666 [[34mmain[0;39m] [34mINFO [0;39m c.yh.SSMApplication - [[34mlogStarted[0;39m,61] - Started SSMApplication in 4.987 seconds (JVM running for 6.134)
08:29:40.186 [[34mhttp-nio-80-exec-9[0;39m] [34mINFO [0;39m com.yh.aop.LogAop - [[34mbefore[0;39m,46] - ==============>>>>>2023-11-09 08:29:40进入到了UserServiceImpl类的loadUserByUsername方法，参数是:[jack]
08:35:01.555 [[34mmain[0;39m] [34mINFO [0;39m c.yh.SSMApplication - [[34mlogStarting[0;39m,55] - Starting SSMApplication using Java 1.8.0_201 on YL with PID 26376 (D:\java\ssmTralvle\target\classes started by YL in D:\java\ssmTralvle)
08:35:01.558 [[34mmain[0;39m] [34mINFO [0;39m c.yh.SSMApplication - [[34mlogStartupProfileInfo[0;39m,663] - No active profile set, falling back to default profiles: default
08:35:06.786 [[34mmain[0;39m] [34mINFO [0;39m c.yh.SSMApplication - [[34mlogStarted[0;39m,61] - Started SSMApplication in 5.793 seconds (JVM running for 7.148)
08:35:13.841 [[34mhttp-nio-80-exec-6[0;39m] [34mINFO [0;39m com.yh.aop.LogAop - [[34mbefore[0;39m,46] - ==============>>>>>2023-11-09 08:35:13进入到了UserServiceImpl类的loadUserByUsername方法，参数是:[jack]
08:42:35.359 [[34mmain[0;39m] [34mINFO [0;39m c.yh.SSMApplication - [[34mlogStarting[0;39m,55] - Starting SSMApplication using Java 1.8.0_201 on YL with PID 19872 (D:\java\ssmTralvle\target\classes started by YL in D:\java\ssmTralvle)
08:42:35.364 [[34mmain[0;39m] [34mINFO [0;39m c.yh.SSMApplication - [[34mlogStartupProfileInfo[0;39m,663] - No active profile set, falling back to default profiles: default
08:42:39.589 [[34mmain[0;39m] [34mINFO [0;39m c.yh.SSMApplication - [[34mlogStarted[0;39m,61] - Started SSMApplication in 4.832 seconds (JVM running for 6.566)
08:42:46.338 [[34mhttp-nio-80-exec-2[0;39m] [34mINFO [0;39m com.yh.aop.LogAop - [[34mbefore[0;39m,46] - ==============>>>>>2023-11-09 08:42:46进入到了UserServiceImpl类的loadUserByUsername方法，参数是:[jack]
08:44:46.528 [[34mmain[0;39m] [34mINFO [0;39m c.yh.SSMApplication - [[34mlogStarting[0;39m,55] - Starting SSMApplication using Java 1.8.0_201 on YL with PID 11384 (D:\java\ssmTralvle\target\classes started by YL in D:\java\ssmTralvle)
08:44:46.532 [[34mmain[0;39m] [34mINFO [0;39m c.yh.SSMApplication - [[34mlogStartupProfileInfo[0;39m,663] - No active profile set, falling back to default profiles: default
08:44:49.380 [[34mmain[0;39m] [34mINFO [0;39m c.yh.SSMApplication - [[34mlogStarted[0;39m,61] - Started SSMApplication in 3.284 seconds (JVM running for 4.362)
08:45:01.412 [[34mhttp-nio-80-exec-9[0;39m] [34mINFO [0;39m com.yh.aop.LogAop - [[34mbefore[0;39m,46] - ==============>>>>>2023-11-09 08:45:01进入到了UserServiceImpl类的loadUserByUsername方法，参数是:[jack]
08:45:30.745 [[34mmain[0;39m] [34mINFO [0;39m c.yh.SSMApplication - [[34mlogStarting[0;39m,55] - Starting SSMApplication using Java 1.8.0_201 on YL with PID 24812 (D:\java\ssmTralvle\target\classes started by YL in D:\java\ssmTralvle)
08:45:30.746 [[34mmain[0;39m] [34mINFO [0;39m c.yh.SSMApplication - [[34mlogStartupProfileInfo[0;39m,663] - No active profile set, falling back to default profiles: default
08:45:33.909 [[34mmain[0;39m] [34mINFO [0;39m c.yh.SSMApplication - [[34mlogStarted[0;39m,61] - Started SSMApplication in 3.573 seconds (JVM running for 4.662)
08:46:00.944 [[34mmain[0;39m] [34mINFO [0;39m c.yh.SSMApplication - [[34mlogStarting[0;39m,55] - Starting SSMApplication using Java 1.8.0_201 on YL with PID 27784 (D:\java\ssmTralvle\target\classes started by YL in D:\java\ssmTralvle)
08:46:00.946 [[34mmain[0;39m] [34mINFO [0;39m c.yh.SSMApplication - [[34mlogStartupProfileInfo[0;39m,663] - No active profile set, falling back to default profiles: default
08:46:04.296 [[34mmain[0;39m] [34mINFO [0;39m c.yh.SSMApplication - [[34mlogStarted[0;39m,61] - Started SSMApplication in 3.78 seconds (JVM running for 4.909)
08:46:12.335 [[34mhttp-nio-80-exec-7[0;39m] [34mINFO [0;39m com.yh.aop.LogAop - [[34mbefore[0;39m,46] - ==============>>>>>2023-11-09 08:46:12进入到了UserServiceImpl类的loadUserByUsername方法，参数是:[jack]
08:49:53.389 [[34mmain[0;39m] [34mINFO [0;39m c.yh.SSMApplication - [[34mlogStarting[0;39m,55] - Starting SSMApplication using Java 1.8.0_201 on YL with PID 21048 (D:\java\ssmTralvle\target\classes started by YL in D:\java\ssmTralvle)
08:49:53.394 [[34mmain[0;39m] [34mINFO [0;39m c.yh.SSMApplication - [[34mlogStartupProfileInfo[0;39m,663] - No active profile set, falling back to default profiles: default
08:49:57.247 [[34mmain[0;39m] [34mINFO [0;39m c.yh.SSMApplication - [[34mlogStarted[0;39m,61] - Started SSMApplication in 4.317 seconds (JVM running for 5.758)
08:50:29.420 [[34mhttp-nio-80-exec-7[0;39m] [34mINFO [0;39m com.yh.aop.LogAop - [[34mbefore[0;39m,46] - ==============>>>>>2023-11-09 08:50:29进入到了UserServiceImpl类的loadUserByUsername方法，参数是:[jack]
08:51:07.986 [[34mhttp-nio-80-exec-1[0;39m] [34mINFO [0;39m com.yh.aop.LogAop - [[34mbefore[0;39m,46] - ==============>>>>>2023-11-09 08:51:07进入到了UserServiceImpl类的loadUserByUsername方法，参数是:[jack]
08:51:07.992 [[34mhttp-nio-80-exec-1[0;39m] [34mINFO [0;39m com.yh.aop.LogAop - [[34mafter[0;39m,63] - ==============>>>>>2023-11-09 08:51:07执行UserServiceImpl类的loadUserByUsername方法结束,花费的时间是：6ms
08:52:11.577 [[34mmain[0;39m] [34mINFO [0;39m c.yh.SSMApplication - [[34mlogStarting[0;39m,55] - Starting SSMApplication using Java 1.8.0_201 on YL with PID 16000 (D:\java\ssmTralvle\target\classes started by YL in D:\java\ssmTralvle)
08:52:11.580 [[34mmain[0;39m] [34mINFO [0;39m c.yh.SSMApplication - [[34mlogStartupProfileInfo[0;39m,663] - No active profile set, falling back to default profiles: default
08:52:15.086 [[34mmain[0;39m] [34mINFO [0;39m c.yh.SSMApplication - [[34mlogStarted[0;39m,61] - Started SSMApplication in 3.958 seconds (JVM running for 5.113)
08:52:24.554 [[34mhttp-nio-80-exec-10[0;39m] [34mINFO [0;39m com.yh.aop.LogAop - [[34mbefore[0;39m,46] - ==============>>>>>2023-11-09 08:52:24进入到了UserServiceImpl类的loadUserByUsername方法，参数是:[jack]
08:58:39.325 [[34mmain[0;39m] [34mINFO [0;39m c.yh.SSMApplication - [[34mlogStarting[0;39m,55] - Starting SSMApplication using Java 1.8.0_201 on YL with PID 31904 (D:\java\ssmTralvle\target\classes started by YL in D:\java\ssmTralvle)
08:58:39.328 [[34mmain[0;39m] [34mINFO [0;39m c.yh.SSMApplication - [[34mlogStartupProfileInfo[0;39m,663] - No active profile set, falling back to default profiles: default
08:58:42.076 [[34mmain[0;39m] [34mINFO [0;39m c.yh.SSMApplication - [[34mlogStarted[0;39m,61] - Started SSMApplication in 3.073 seconds (JVM running for 4.187)
08:58:48.406 [[34mhttp-nio-80-exec-4[0;39m] [34mINFO [0;39m com.yh.aop.LogAop - [[34mbefore[0;39m,46] - ==============>>>>>2023-11-09 08:58:48进入到了UserServiceImpl类的loadUserByUsername方法，参数是:[jack]
08:59:09.588 [[34mmain[0;39m] [34mINFO [0;39m c.yh.SSMApplication - [[34mlogStarting[0;39m,55] - Starting SSMApplication using Java 1.8.0_201 on YL with PID 19664 (D:\java\ssmTralvle\target\classes started by YL in D:\java\ssmTralvle)
08:59:09.595 [[34mmain[0;39m] [34mINFO [0;39m c.yh.SSMApplication - [[34mlogStartupProfileInfo[0;39m,663] - No active profile set, falling back to default profiles: default
08:59:12.725 [[34mmain[0;39m] [34mINFO [0;39m c.yh.SSMApplication - [[34mlogStarted[0;39m,61] - Started SSMApplication in 3.472 seconds (JVM running for 4.574)
08:59:21.002 [[34mhttp-nio-80-exec-6[0;39m] [34mINFO [0;39m com.yh.aop.LogAop - [[34mbefore[0;39m,46] - ==============>>>>>2023-11-09 08:59:20进入到了UserServiceImpl类的loadUserByUsername方法，参数是:[jack]
09:06:39.512 [[34mhttp-nio-80-exec-8[0;39m] [34mINFO [0;39m com.yh.aop.LogAop - [[34mbefore[0;39m,46] - ==============>>>>>2023-11-09 09:06:39进入到了UserServiceImpl类的loadUserByUsername方法，参数是:[jack]
09:06:39.532 [[34mhttp-nio-80-exec-8[0;39m] [34mINFO [0;39m com.yh.aop.LogAop - [[34mafter[0;39m,63] - ==============>>>>>2023-11-09 09:06:39执行UserServiceImpl类的loadUserByUsername方法结束,花费的时间是：20ms
09:07:22.665 [[34mmain[0;39m] [34mINFO [0;39m c.yh.SSMApplication - [[34mlogStarting[0;39m,55] - Starting SSMApplication using Java 1.8.0_201 on YL with PID 22016 (D:\java\ssmTralvle\target\classes started by YL in D:\java\ssmTralvle)
09:07:22.667 [[34mmain[0;39m] [34mINFO [0;39m c.yh.SSMApplication - [[34mlogStartupProfileInfo[0;39m,663] - No active profile set, falling back to default profiles: default
09:07:25.365 [[34mmain[0;39m] [34mINFO [0;39m c.yh.SSMApplication - [[34mlogStarted[0;39m,61] - Started SSMApplication in 2.995 seconds (JVM running for 3.791)
09:07:34.686 [[34mhttp-nio-80-exec-8[0;39m] [34mINFO [0;39m com.yh.aop.LogAop - [[34mbefore[0;39m,46] - ==============>>>>>2023-11-09 09:07:34进入到了UserServiceImpl类的loadUserByUsername方法，参数是:[jack]
09:10:21.497 [[34mmain[0;39m] [34mINFO [0;39m c.yh.SSMApplication - [[34mlogStarting[0;39m,55] - Starting SSMApplication using Java 1.8.0_201 on YL with PID 26276 (D:\java\ssmTralvle\target\classes started by YL in D:\java\ssmTralvle)
09:10:21.499 [[34mmain[0;39m] [34mINFO [0;39m c.yh.SSMApplication - [[34mlogStartupProfileInfo[0;39m,663] - No active profile set, falling back to default profiles: default
09:10:24.510 [[34mmain[0;39m] [34mINFO [0;39m c.yh.SSMApplication - [[34mlogStarted[0;39m,61] - Started SSMApplication in 3.489 seconds (JVM running for 4.897)
09:10:39.362 [[34mhttp-nio-80-exec-7[0;39m] [34mINFO [0;39m com.yh.aop.LogAop - [[34mbefore[0;39m,46] - ==============>>>>>2023-11-09 09:10:39进入到了UserServiceImpl类的loadUserByUsername方法，参数是:[jack]
09:11:38.919 [[34mmain[0;39m] [34mINFO [0;39m c.yh.SSMApplication - [[34mlogStarting[0;39m,55] - Starting SSMApplication using Java 1.8.0_201 on YL with PID 26412 (D:\java\ssmTralvle\target\classes started by YL in D:\java\ssmTralvle)
09:11:38.921 [[34mmain[0;39m] [34mINFO [0;39m c.yh.SSMApplication - [[34mlogStartupProfileInfo[0;39m,663] - No active profile set, falling back to default profiles: default
09:11:41.286 [[34mmain[0;39m] [34mINFO [0;39m c.yh.SSMApplication - [[34mlogStarted[0;39m,61] - Started SSMApplication in 2.641 seconds (JVM running for 3.481)
09:11:47.426 [[34mhttp-nio-80-exec-5[0;39m] [34mINFO [0;39m com.yh.aop.LogAop - [[34mbefore[0;39m,46] - ==============>>>>>2023-11-09 09:11:47进入到了UserServiceImpl类的loadUserByUsername方法，参数是:[jack]
09:13:18.472 [[34mmain[0;39m] [34mINFO [0;39m c.yh.SSMApplication - [[34mlogStarting[0;39m,55] - Starting SSMApplication using Java 1.8.0_201 on YL with PID 9928 (D:\java\ssmTralvle\target\classes started by YL in D:\java\ssmTralvle)
09:13:18.476 [[34mmain[0;39m] [34mINFO [0;39m c.yh.SSMApplication - [[34mlogStartupProfileInfo[0;39m,663] - No active profile set, falling back to default profiles: default
09:13:20.736 [[34mmain[0;39m] [34mINFO [0;39m c.yh.SSMApplication - [[34mlogStarted[0;39m,61] - Started SSMApplication in 2.678 seconds (JVM running for 3.562)
09:13:25.708 [[34mhttp-nio-80-exec-4[0;39m] [34mINFO [0;39m com.yh.aop.LogAop - [[34mbefore[0;39m,46] - ==============>>>>>2023-11-09 09:13:25进入到了UserServiceImpl类的loadUserByUsername方法，参数是:[jack]
09:15:13.968 [[34mmain[0;39m] [34mINFO [0;39m c.yh.SSMApplication - [[34mlogStarting[0;39m,55] - Starting SSMApplication using Java 1.8.0_201 on YL with PID 24760 (D:\java\ssmTralvle\target\classes started by YL in D:\java\ssmTralvle)
09:15:13.970 [[34mmain[0;39m] [34mINFO [0;39m c.yh.SSMApplication - [[34mlogStartupProfileInfo[0;39m,663] - No active profile set, falling back to default profiles: default
09:15:16.941 [[34mmain[0;39m] [34mINFO [0;39m c.yh.SSMApplication - [[34mlogStarted[0;39m,61] - Started SSMApplication in 3.363 seconds (JVM running for 4.124)
09:15:52.603 [[34mmain[0;39m] [34mINFO [0;39m c.yh.SSMApplication - [[34mlogStarting[0;39m,55] - Starting SSMApplication using Java 1.8.0_201 on YL with PID 2504 (D:\java\ssmTralvle\target\classes started by YL in D:\java\ssmTralvle)
09:15:52.605 [[34mmain[0;39m] [34mINFO [0;39m c.yh.SSMApplication - [[34mlogStartupProfileInfo[0;39m,663] - No active profile set, falling back to default profiles: default
09:15:55.486 [[34mmain[0;39m] [34mINFO [0;39m c.yh.SSMApplication - [[34mlogStarted[0;39m,61] - Started SSMApplication in 3.166 seconds (JVM running for 3.867)
09:17:22.912 [[34mmain[0;39m] [34mINFO [0;39m c.yh.SSMApplication - [[34mlogStarting[0;39m,55] - Starting SSMApplication using Java 1.8.0_201 on YL with PID 23276 (D:\java\ssmTralvle\target\classes started by YL in D:\java\ssmTralvle)
09:17:22.913 [[34mmain[0;39m] [34mINFO [0;39m c.yh.SSMApplication - [[34mlogStartupProfileInfo[0;39m,663] - No active profile set, falling back to default profiles: default
09:17:25.213 [[34mmain[0;39m] [34mINFO [0;39m c.yh.SSMApplication - [[34mlogStarted[0;39m,61] - Started SSMApplication in 2.573 seconds (JVM running for 3.216)
09:17:48.254 [[34mmain[0;39m] [34mINFO [0;39m c.yh.SSMApplication - [[34mlogStarting[0;39m,55] - Starting SSMApplication using Java 1.8.0_201 on YL with PID 13052 (D:\java\ssmTralvle\target\classes started by YL in D:\java\ssmTralvle)
09:17:48.256 [[34mmain[0;39m] [34mINFO [0;39m c.yh.SSMApplication - [[34mlogStartupProfileInfo[0;39m,663] - No active profile set, falling back to default profiles: default
09:17:50.400 [[34mmain[0;39m] [34mINFO [0;39m c.yh.SSMApplication - [[34mlogStarted[0;39m,61] - Started SSMApplication in 2.419 seconds (JVM running for 3.092)
09:19:09.870 [[34mmain[0;39m] [34mINFO [0;39m c.yh.SSMApplication - [[34mlogStarting[0;39m,55] - Starting SSMApplication using Java 1.8.0_201 on YL with PID 10160 (D:\java\ssmTralvle\target\classes started by YL in D:\java\ssmTralvle)
09:19:09.873 [[34mmain[0;39m] [34mINFO [0;39m c.yh.SSMApplication - [[34mlogStartupProfileInfo[0;39m,663] - No active profile set, falling back to default profiles: default
09:19:12.210 [[34mmain[0;39m] [34mINFO [0;39m c.yh.SSMApplication - [[34mlogStarted[0;39m,61] - Started SSMApplication in 2.65 seconds (JVM running for 3.373)
09:20:01.728 [[34mmain[0;39m] [34mINFO [0;39m c.yh.SSMApplication - [[34mlogStarting[0;39m,55] - Starting SSMApplication using Java 1.8.0_201 on YL with PID 13728 (D:\java\ssmTralvle\target\classes started by YL in D:\java\ssmTralvle)
09:20:01.729 [[34mmain[0;39m] [34mINFO [0;39m c.yh.SSMApplication - [[34mlogStartupProfileInfo[0;39m,663] - No active profile set, falling back to default profiles: default
09:20:04.688 [[34mmain[0;39m] [34mINFO [0;39m c.yh.SSMApplication - [[34mlogStarted[0;39m,61] - Started SSMApplication in 3.241 seconds (JVM running for 4.367)
09:20:09.370 [[34mmain[0;39m] [34mINFO [0;39m c.yh.SSMApplication - [[34mlogStarting[0;39m,55] - Starting SSMApplication using Java 1.8.0_201 on YL with PID 28008 (D:\java\ssmTralvle\target\classes started by YL in D:\java\ssmTralvle)
09:20:09.373 [[34mmain[0;39m] [34mINFO [0;39m c.yh.SSMApplication - [[34mlogStartupProfileInfo[0;39m,663] - No active profile set, falling back to default profiles: default
09:20:12.283 [[34mmain[0;39m] [34mINFO [0;39m c.yh.SSMApplication - [[34mlogStarted[0;39m,61] - Started SSMApplication in 3.191 seconds (JVM running for 3.899)
09:20:46.897 [[34mmain[0;39m] [34mINFO [0;39m c.yh.SSMApplication - [[34mlogStarting[0;39m,55] - Starting SSMApplication using Java 1.8.0_201 on YL with PID 27304 (D:\java\ssmTralvle\target\classes started by YL in D:\java\ssmTralvle)
09:20:46.899 [[34mmain[0;39m] [34mINFO [0;39m c.yh.SSMApplication - [[34mlogStartupProfileInfo[0;39m,663] - No active profile set, falling back to default profiles: default
09:20:49.748 [[34mmain[0;39m] [34mINFO [0;39m c.yh.SSMApplication - [[34mlogStarted[0;39m,61] - Started SSMApplication in 3.352 seconds (JVM running for 4.808)
09:21:47.791 [[34mmain[0;39m] [34mINFO [0;39m c.yh.SSMApplication - [[34mlogStarting[0;39m,55] - Starting SSMApplication using Java 1.8.0_201 on YL with PID 17556 (D:\java\ssmTralvle\target\classes started by YL in D:\java\ssmTralvle)
09:21:47.793 [[34mmain[0;39m] [34mINFO [0;39m c.yh.SSMApplication - [[34mlogStartupProfileInfo[0;39m,663] - No active profile set, falling back to default profiles: default
09:21:50.389 [[34mmain[0;39m] [34mINFO [0;39m c.yh.SSMApplication - [[34mlogStarted[0;39m,61] - Started SSMApplication in 2.887 seconds (JVM running for 3.558)
09:26:31.771 [[34mmain[0;39m] [34mINFO [0;39m c.yh.SSMApplication - [[34mlogStarting[0;39m,55] - Starting SSMApplication using Java 1.8.0_201 on YL with PID 27624 (D:\java\ssmTralvle\target\classes started by YL in D:\java\ssmTralvle)
09:26:31.774 [[34mmain[0;39m] [34mINFO [0;39m c.yh.SSMApplication - [[34mlogStartupProfileInfo[0;39m,663] - No active profile set, falling back to default profiles: default
09:26:34.895 [[34mmain[0;39m] [34mINFO [0;39m c.yh.SSMApplication - [[34mlogStarted[0;39m,61] - Started SSMApplication in 3.418 seconds (JVM running for 4.111)
09:27:22.547 [[34mmain[0;39m] [34mINFO [0;39m c.yh.SSMApplication - [[34mlogStarting[0;39m,55] - Starting SSMApplication using Java 1.8.0_201 on YL with PID 21760 (D:\java\ssmTralvle\target\classes started by YL in D:\java\ssmTralvle)
09:27:22.549 [[34mmain[0;39m] [34mINFO [0;39m c.yh.SSMApplication - [[34mlogStartupProfileInfo[0;39m,663] - No active profile set, falling back to default profiles: default
09:27:25.298 [[34mmain[0;39m] [34mINFO [0;39m c.yh.SSMApplication - [[34mlogStarted[0;39m,61] - Started SSMApplication in 3.022 seconds (JVM running for 3.68)
09:27:32.914 [[34mhttp-nio-80-exec-7[0;39m] [34mINFO [0;39m com.yh.aop.LogAop - [[34mbefore[0;39m,46] - ==============>>>>>2023-11-09 09:27:32进入到了UserServiceImpl类的loadUserByUsername方法，参数是:[jack]
09:32:58.002 [[34mmain[0;39m] [34mINFO [0;39m c.yh.SSMApplication - [[34mlogStarting[0;39m,55] - Starting SSMApplication using Java 1.8.0_201 on YL with PID 24100 (D:\java\ssmTralvle\target\classes started by YL in D:\java\ssmTralvle)
09:32:58.004 [[34mmain[0;39m] [34mINFO [0;39m c.yh.SSMApplication - [[34mlogStartupProfileInfo[0;39m,663] - No active profile set, falling back to default profiles: default
09:33:00.715 [[34mmain[0;39m] [34mINFO [0;39m c.yh.SSMApplication - [[34mlogStarted[0;39m,61] - Started SSMApplication in 2.966 seconds (JVM running for 3.805)
09:35:03.046 [[34mmain[0;39m] [34mINFO [0;39m c.yh.SSMApplication - [[34mlogStarting[0;39m,55] - Starting SSMApplication using Java 1.8.0_201 on YL with PID 16908 (D:\java\ssmTralvle\target\classes started by YL in D:\java\ssmTralvle)
09:35:03.049 [[34mmain[0;39m] [34mINFO [0;39m c.yh.SSMApplication - [[34mlogStartupProfileInfo[0;39m,663] - No active profile set, falling back to default profiles: default
09:35:05.876 [[34mmain[0;39m] [34mINFO [0;39m c.yh.SSMApplication - [[34mlogStarted[0;39m,61] - Started SSMApplication in 3.097 seconds (JVM running for 3.815)
09:36:36.529 [[34mmain[0;39m] [34mINFO [0;39m c.yh.SSMApplication - [[34mlogStarting[0;39m,55] - Starting SSMApplication using Java 1.8.0_201 on YL with PID 20392 (D:\java\ssmTralvle\target\classes started by YL in D:\java\ssmTralvle)
09:36:36.531 [[34mmain[0;39m] [34mINFO [0;39m c.yh.SSMApplication - [[34mlogStartupProfileInfo[0;39m,663] - No active profile set, falling back to default profiles: default
09:36:39.079 [[34mmain[0;39m] [34mINFO [0;39m c.yh.SSMApplication - [[34mlogStarted[0;39m,61] - Started SSMApplication in 2.825 seconds (JVM running for 3.481)
09:38:52.669 [[34mmain[0;39m] [34mINFO [0;39m c.yh.SSMApplication - [[34mlogStarting[0;39m,55] - Starting SSMApplication using Java 1.8.0_201 on YL with PID 31580 (D:\java\ssmTralvle\target\classes started by YL in D:\java\ssmTralvle)
09:38:52.672 [[34mmain[0;39m] [34mINFO [0;39m c.yh.SSMApplication - [[34mlogStartupProfileInfo[0;39m,663] - No active profile set, falling back to default profiles: default
09:38:55.255 [[34mmain[0;39m] [34mINFO [0;39m c.yh.SSMApplication - [[34mlogStarted[0;39m,61] - Started SSMApplication in 2.88 seconds (JVM running for 3.566)
09:41:59.625 [[34mmain[0;39m] [34mINFO [0;39m c.yh.SSMApplication - [[34mlogStarting[0;39m,55] - Starting SSMApplication using Java 1.8.0_201 on YL with PID 29132 (D:\java\ssmTralvle\target\classes started by YL in D:\java\ssmTralvle)
09:41:59.627 [[34mmain[0;39m] [34mINFO [0;39m c.yh.SSMApplication - [[34mlogStartupProfileInfo[0;39m,663] - No active profile set, falling back to default profiles: default
09:42:01.664 [[34mmain[0;39m] [34mINFO [0;39m c.yh.SSMApplication - [[34mlogStarted[0;39m,61] - Started SSMApplication in 2.32 seconds (JVM running for 2.987)
