10:21:34.138 [[34mmain[0;39m] [34mINFO [0;39m c.yh.SSMApplication - [[34mlogStarting[0;39m,55] - Starting SSMApplication using Java 1.8.0_201 on YL with PID 32028 (D:\java\ssmTralvle\target\classes started by YL in D:\java\ssmTralvle)
10:21:34.145 [[34mmain[0;39m] [34mINFO [0;39m c.yh.SSMApplication - [[34mlogStartupProfileInfo[0;39m,663] - No active profile set, falling back to default profiles: default
10:21:38.180 [[34mmain[0;39m] [34mINFO [0;39m c.yh.SSMApplication - [[34mlogStarted[0;39m,61] - Started SSMApplication in 4.634 seconds (JVM running for 5.882)
10:21:56.114 [[34mhttp-nio-80-exec-6[0;39m] [34mINFO [0;39m com.yh.aop.LogAop - [[34mbefore[0;39m,46] - ==============>>>>>2023-11-11 10:21:56进入到了UserServiceImpl类的loadUserByUsername方法，参数是:[jack]
10:24:54.123 [[34mhttp-nio-80-exec-4[0;39m] [34mINFO [0;39m com.yh.aop.LogAop - [[34mbefore[0;39m,46] - ==============>>>>>2023-11-11 10:24:54进入到了ProductServicelmpl类的findAll方法，参数是:[]
10:24:54.191 [[34mhttp-nio-80-exec-4[0;39m] [34mINFO [0;39m com.yh.aop.LogAop - [[34mafter[0;39m,63] - ==============>>>>>2023-11-11 10:24:54执行ProductServicelmpl类的findAll方法结束,花费的时间是：68ms
10:25:53.917 [[34mhttp-nio-80-exec-1[0;39m] [34mINFO [0;39m com.yh.aop.LogAop - [[34mbefore[0;39m,46] - ==============>>>>>2023-11-11 10:25:53进入到了ProductServicelmpl类的findAll方法，参数是:[]
10:25:53.924 [[34mhttp-nio-80-exec-1[0;39m] [34mINFO [0;39m com.yh.aop.LogAop - [[34mafter[0;39m,63] - ==============>>>>>2023-11-11 10:25:53执行ProductServicelmpl类的findAll方法结束,花费的时间是：7ms
10:26:05.996 [[34mhttp-nio-80-exec-10[0;39m] [34mINFO [0;39m com.yh.aop.LogAop - [[34mbefore[0;39m,46] - ==============>>>>>2023-11-11 10:26:05进入到了UserServiceImpl类的findAllUsers方法，参数是:[]
10:26:06.008 [[34mhttp-nio-80-exec-10[0;39m] [34mINFO [0;39m com.yh.aop.LogAop - [[34mafter[0;39m,63] - ==============>>>>>2023-11-11 10:26:06执行UserServiceImpl类的findAllUsers方法结束,花费的时间是：13ms
10:26:07.778 [[34mhttp-nio-80-exec-6[0;39m] [34mINFO [0;39m com.yh.aop.LogAop - [[34mbefore[0;39m,46] - ==============>>>>>2023-11-11 10:26:07进入到了ProductServicelmpl类的findAll方法，参数是:[]
10:26:07.783 [[34mhttp-nio-80-exec-6[0;39m] [34mINFO [0;39m com.yh.aop.LogAop - [[34mafter[0;39m,63] - ==============>>>>>2023-11-11 10:26:07执行ProductServicelmpl类的findAll方法结束,花费的时间是：6ms
10:26:12.005 [[34mhttp-nio-80-exec-2[0;39m] [34mINFO [0;39m com.yh.aop.LogAop - [[34mbefore[0;39m,46] - ==============>>>>>2023-11-11 10:26:12进入到了RoleServiceImpl类的findAllRoles方法，参数是:[]
10:26:12.015 [[34mhttp-nio-80-exec-2[0;39m] [34mINFO [0;39m com.yh.aop.LogAop - [[34mafter[0;39m,63] - ==============>>>>>2023-11-11 10:26:12执行RoleServiceImpl类的findAllRoles方法结束,花费的时间是：10ms
10:26:15.276 [[34mhttp-nio-80-exec-1[0;39m] [34mINFO [0;39m com.yh.aop.LogAop - [[34mbefore[0;39m,46] - ==============>>>>>2023-11-11 10:26:15进入到了SysLogServiceImpl类的findAllSysLog方法，参数是:[]
10:26:17.288 [[34mhttp-nio-80-exec-1[0;39m] [34mINFO [0;39m com.yh.aop.LogAop - [[34mbefore[0;39m,46] - ==============>>>>>2023-11-11 10:26:17进入到了ProductServicelmpl类的findAll方法，参数是:[]
10:26:17.295 [[34mhttp-nio-80-exec-1[0;39m] [34mINFO [0;39m com.yh.aop.LogAop - [[34mafter[0;39m,63] - ==============>>>>>2023-11-11 10:26:17执行ProductServicelmpl类的findAll方法结束,花费的时间是：7ms
10:27:31.981 [[34mhttp-nio-80-exec-3[0;39m] [34mINFO [0;39m com.yh.aop.LogAop - [[34mbefore[0;39m,46] - ==============>>>>>2023-11-11 10:27:31进入到了ProductServicelmpl类的findAll方法，参数是:[]
10:27:31.992 [[34mhttp-nio-80-exec-3[0;39m] [34mINFO [0;39m com.yh.aop.LogAop - [[34mafter[0;39m,63] - ==============>>>>>2023-11-11 10:27:31执行ProductServicelmpl类的findAll方法结束,花费的时间是：11ms
10:31:03.956 [[34mhttp-nio-80-exec-4[0;39m] [34mINFO [0;39m com.yh.aop.LogAop - [[34mbefore[0;39m,46] - ==============>>>>>2023-11-11 10:31:03进入到了ProductServicelmpl类的findAll方法，参数是:[]
10:31:03.970 [[34mhttp-nio-80-exec-4[0;39m] [34mINFO [0;39m com.yh.aop.LogAop - [[34mafter[0;39m,63] - ==============>>>>>2023-11-11 10:31:03执行ProductServicelmpl类的findAll方法结束,花费的时间是：14ms
10:33:17.174 [[34mhttp-nio-80-exec-9[0;39m] [34mINFO [0;39m com.yh.aop.LogAop - [[34mbefore[0;39m,46] - ==============>>>>>2023-11-11 10:33:17进入到了ProductServicelmpl类的findAll方法，参数是:[]
10:33:17.190 [[34mhttp-nio-80-exec-9[0;39m] [34mINFO [0;39m com.yh.aop.LogAop - [[34mafter[0;39m,63] - ==============>>>>>2023-11-11 10:33:17执行ProductServicelmpl类的findAll方法结束,花费的时间是：16ms
10:33:20.994 [[34mhttp-nio-80-exec-4[0;39m] [34mINFO [0;39m com.yh.aop.LogAop - [[34mbefore[0;39m,46] - ==============>>>>>2023-11-11 10:33:20进入到了OrderServiceImpl类的findAll方法，参数是:[]
10:33:21.013 [[34mhttp-nio-80-exec-4[0;39m] [34mINFO [0;39m com.yh.aop.LogAop - [[34mafter[0;39m,63] - ==============>>>>>2023-11-11 10:33:21执行OrderServiceImpl类的findAll方法结束,花费的时间是：19ms
10:33:23.720 [[34mhttp-nio-80-exec-2[0;39m] [34mINFO [0;39m com.yh.aop.LogAop - [[34mbefore[0;39m,46] - ==============>>>>>2023-11-11 10:33:23进入到了ProductServicelmpl类的findAll方法，参数是:[]
10:33:23.725 [[34mhttp-nio-80-exec-2[0;39m] [34mINFO [0;39m com.yh.aop.LogAop - [[34mafter[0;39m,63] - ==============>>>>>2023-11-11 10:33:23执行ProductServicelmpl类的findAll方法结束,花费的时间是：5ms
10:33:32.228 [[34mhttp-nio-80-exec-4[0;39m] [34mINFO [0;39m com.yh.aop.LogAop - [[34mbefore[0;39m,46] - ==============>>>>>2023-11-11 10:33:32进入到了ProductServicelmpl类的findAll方法，参数是:[]
10:33:32.233 [[34mhttp-nio-80-exec-4[0;39m] [34mINFO [0;39m com.yh.aop.LogAop - [[34mafter[0;39m,63] - ==============>>>>>2023-11-11 10:33:32执行ProductServicelmpl类的findAll方法结束,花费的时间是：5ms
10:34:46.572 [[34mhttp-nio-80-exec-7[0;39m] [34mINFO [0;39m com.yh.aop.LogAop - [[34mbefore[0;39m,46] - ==============>>>>>2023-11-11 10:34:46进入到了ProductServicelmpl类的findAll方法，参数是:[]
10:34:46.583 [[34mhttp-nio-80-exec-7[0;39m] [34mINFO [0;39m com.yh.aop.LogAop - [[34mafter[0;39m,63] - ==============>>>>>2023-11-11 10:34:46执行ProductServicelmpl类的findAll方法结束,花费的时间是：10ms
10:35:03.531 [[34mhttp-nio-80-exec-6[0;39m] [34mINFO [0;39m com.yh.aop.LogAop - [[34mbefore[0;39m,46] - ==============>>>>>2023-11-11 10:35:03进入到了ProductServicelmpl类的findAll方法，参数是:[]
10:35:03.535 [[34mhttp-nio-80-exec-6[0;39m] [34mINFO [0;39m com.yh.aop.LogAop - [[34mafter[0;39m,63] - ==============>>>>>2023-11-11 10:35:03执行ProductServicelmpl类的findAll方法结束,花费的时间是：4ms
10:35:41.710 [[34mhttp-nio-80-exec-4[0;39m] [34mINFO [0;39m com.yh.aop.LogAop - [[34mbefore[0;39m,46] - ==============>>>>>2023-11-11 10:35:41进入到了ProductServicelmpl类的findAll方法，参数是:[]
10:35:41.716 [[34mhttp-nio-80-exec-4[0;39m] [34mINFO [0;39m com.yh.aop.LogAop - [[34mafter[0;39m,63] - ==============>>>>>2023-11-11 10:35:41执行ProductServicelmpl类的findAll方法结束,花费的时间是：6ms
10:35:43.234 [[34mhttp-nio-80-exec-9[0;39m] [34mINFO [0;39m com.yh.aop.LogAop - [[34mbefore[0;39m,46] - ==============>>>>>2023-11-11 10:35:43进入到了OrderServiceImpl类的findAll方法，参数是:[]
10:35:43.240 [[34mhttp-nio-80-exec-9[0;39m] [34mINFO [0;39m com.yh.aop.LogAop - [[34mafter[0;39m,63] - ==============>>>>>2023-11-11 10:35:43执行OrderServiceImpl类的findAll方法结束,花费的时间是：6ms
10:35:45.866 [[34mhttp-nio-80-exec-4[0;39m] [34mINFO [0;39m com.yh.aop.LogAop - [[34mbefore[0;39m,46] - ==============>>>>>2023-11-11 10:35:45进入到了ProductServicelmpl类的findAll方法，参数是:[]
10:35:45.872 [[34mhttp-nio-80-exec-4[0;39m] [34mINFO [0;39m com.yh.aop.LogAop - [[34mafter[0;39m,63] - ==============>>>>>2023-11-11 10:35:45执行ProductServicelmpl类的findAll方法结束,花费的时间是：6ms
10:35:48.315 [[34mhttp-nio-80-exec-3[0;39m] [34mINFO [0;39m com.yh.aop.LogAop - [[34mbefore[0;39m,46] - ==============>>>>>2023-11-11 10:35:48进入到了ProductServicelmpl类的findAll方法，参数是:[]
10:35:48.320 [[34mhttp-nio-80-exec-3[0;39m] [34mINFO [0;39m com.yh.aop.LogAop - [[34mafter[0;39m,63] - ==============>>>>>2023-11-11 10:35:48执行ProductServicelmpl类的findAll方法结束,花费的时间是：6ms
10:36:38.980 [[34mhttp-nio-80-exec-3[0;39m] [34mINFO [0;39m com.yh.aop.LogAop - [[34mbefore[0;39m,46] - ==============>>>>>2023-11-11 10:36:38进入到了OrderServiceImpl类的findAll方法，参数是:[]
10:36:38.989 [[34mhttp-nio-80-exec-3[0;39m] [34mINFO [0;39m com.yh.aop.LogAop - [[34mafter[0;39m,63] - ==============>>>>>2023-11-11 10:36:38执行OrderServiceImpl类的findAll方法结束,花费的时间是：9ms
10:37:21.012 [[34mhttp-nio-80-exec-10[0;39m] [34mINFO [0;39m com.yh.aop.LogAop - [[34mbefore[0;39m,46] - ==============>>>>>2023-11-11 10:37:21进入到了OrderServiceImpl类的findAll方法，参数是:[]
10:37:21.019 [[34mhttp-nio-80-exec-10[0;39m] [34mINFO [0;39m com.yh.aop.LogAop - [[34mafter[0;39m,63] - ==============>>>>>2023-11-11 10:37:21执行OrderServiceImpl类的findAll方法结束,花费的时间是：7ms
10:37:24.681 [[34mhttp-nio-80-exec-9[0;39m] [34mINFO [0;39m com.yh.aop.LogAop - [[34mbefore[0;39m,46] - ==============>>>>>2023-11-11 10:37:24进入到了ProductServicelmpl类的findAll方法，参数是:[]
10:37:24.687 [[34mhttp-nio-80-exec-9[0;39m] [34mINFO [0;39m com.yh.aop.LogAop - [[34mafter[0;39m,63] - ==============>>>>>2023-11-11 10:37:24执行ProductServicelmpl类的findAll方法结束,花费的时间是：6ms
10:43:12.646 [[34mhttp-nio-80-exec-6[0;39m] [34mINFO [0;39m com.yh.aop.LogAop - [[34mbefore[0;39m,46] - ==============>>>>>2023-11-11 10:43:12进入到了ProductServicelmpl类的findAll方法，参数是:[]
10:43:12.658 [[34mhttp-nio-80-exec-6[0;39m] [34mINFO [0;39m com.yh.aop.LogAop - [[34mafter[0;39m,63] - ==============>>>>>2023-11-11 10:43:12执行ProductServicelmpl类的findAll方法结束,花费的时间是：12ms
10:43:15.690 [[34mhttp-nio-80-exec-5[0;39m] [34mINFO [0;39m com.yh.aop.LogAop - [[34mbefore[0;39m,46] - ==============>>>>>2023-11-11 10:43:15进入到了UserServiceImpl类的findAllUsers方法，参数是:[]
10:43:15.697 [[34mhttp-nio-80-exec-5[0;39m] [34mINFO [0;39m com.yh.aop.LogAop - [[34mafter[0;39m,63] - ==============>>>>>2023-11-11 10:43:15执行UserServiceImpl类的findAllUsers方法结束,花费的时间是：7ms
10:43:18.177 [[34mhttp-nio-80-exec-8[0;39m] [34mINFO [0;39m com.yh.aop.LogAop - [[34mbefore[0;39m,46] - ==============>>>>>2023-11-11 10:43:18进入到了OrderServiceImpl类的findAll方法，参数是:[]
10:43:18.184 [[34mhttp-nio-80-exec-8[0;39m] [34mINFO [0;39m com.yh.aop.LogAop - [[34mafter[0;39m,63] - ==============>>>>>2023-11-11 10:43:18执行OrderServiceImpl类的findAll方法结束,花费的时间是：8ms
10:43:21.248 [[34mhttp-nio-80-exec-9[0;39m] [34mINFO [0;39m com.yh.aop.LogAop - [[34mbefore[0;39m,46] - ==============>>>>>2023-11-11 10:43:21进入到了ProductServicelmpl类的findAll方法，参数是:[]
10:43:21.255 [[34mhttp-nio-80-exec-9[0;39m] [34mINFO [0;39m com.yh.aop.LogAop - [[34mafter[0;39m,63] - ==============>>>>>2023-11-11 10:43:21执行ProductServicelmpl类的findAll方法结束,花费的时间是：7ms
10:45:23.640 [[34mhttp-nio-80-exec-4[0;39m] [34mINFO [0;39m com.yh.aop.LogAop - [[34mbefore[0;39m,46] - ==============>>>>>2023-11-11 10:45:23进入到了ProductServicelmpl类的save方法，参数是:[Product(id=null, productNum=, productName=, CityName=, departureTime=null, productPrice=null, productDesc=, productStatus=0, departureTimeStr=null, productStatusStr=关闭)]
10:45:23.650 [[34mhttp-nio-80-exec-4[0;39m] [34mINFO [0;39m com.yh.aop.LogAop - [[34mafter[0;39m,63] - ==============>>>>>2023-11-11 10:45:23执行ProductServicelmpl类的save方法结束,花费的时间是：10ms
10:45:23.670 [[34mhttp-nio-80-exec-10[0;39m] [34mINFO [0;39m com.yh.aop.LogAop - [[34mbefore[0;39m,46] - ==============>>>>>2023-11-11 10:45:23进入到了ProductServicelmpl类的findAll方法，参数是:[]
10:45:23.674 [[34mhttp-nio-80-exec-10[0;39m] [34mINFO [0;39m com.yh.aop.LogAop - [[34mafter[0;39m,63] - ==============>>>>>2023-11-11 10:45:23执行ProductServicelmpl类的findAll方法结束,花费的时间是：4ms
10:45:36.159 [[34mhttp-nio-80-exec-7[0;39m] [34mINFO [0;39m com.yh.aop.LogAop - [[34mbefore[0;39m,46] - ==============>>>>>2023-11-11 10:45:36进入到了ProductServicelmpl类的save方法，参数是:[Product(id=null, productNum=, productName=, CityName=, departureTime=null, productPrice=null, productDesc=, productStatus=0, departureTimeStr=null, productStatusStr=关闭)]
10:45:36.164 [[34mhttp-nio-80-exec-7[0;39m] [34mINFO [0;39m com.yh.aop.LogAop - [[34mafter[0;39m,63] - ==============>>>>>2023-11-11 10:45:36执行ProductServicelmpl类的save方法结束,花费的时间是：5ms
10:45:36.177 [[34mhttp-nio-80-exec-6[0;39m] [34mINFO [0;39m com.yh.aop.LogAop - [[34mbefore[0;39m,46] - ==============>>>>>2023-11-11 10:45:36进入到了ProductServicelmpl类的findAll方法，参数是:[]
10:45:36.185 [[34mhttp-nio-80-exec-6[0;39m] [34mINFO [0;39m com.yh.aop.LogAop - [[34mafter[0;39m,63] - ==============>>>>>2023-11-11 10:45:36执行ProductServicelmpl类的findAll方法结束,花费的时间是：6ms
10:53:09.295 [[34mhttp-nio-80-exec-2[0;39m] [34mINFO [0;39m com.yh.aop.LogAop - [[34mbefore[0;39m,46] - ==============>>>>>2023-11-11 10:53:09进入到了ProductServicelmpl类的findAll方法，参数是:[]
10:53:09.305 [[34mhttp-nio-80-exec-2[0;39m] [34mINFO [0;39m com.yh.aop.LogAop - [[34mafter[0;39m,63] - ==============>>>>>2023-11-11 10:53:09执行ProductServicelmpl类的findAll方法结束,花费的时间是：10ms
11:01:36.350 [[34mhttp-nio-80-exec-1[0;39m] [34mINFO [0;39m com.yh.aop.LogAop - [[34mbefore[0;39m,46] - ==============>>>>>2023-11-11 11:01:36进入到了ProductServicelmpl类的findById方法，参数是:[25]
11:01:36.366 [[34mhttp-nio-80-exec-1[0;39m] [34mINFO [0;39m com.yh.aop.LogAop - [[34mafter[0;39m,63] - ==============>>>>>2023-11-11 11:01:36执行ProductServicelmpl类的findById方法结束,花费的时间是：16ms
11:01:55.352 [[34mhttp-nio-80-exec-4[0;39m] [34mINFO [0;39m com.yh.aop.LogAop - [[34mbefore[0;39m,46] - ==============>>>>>2023-11-11 11:01:55进入到了ProductServicelmpl类的findAll方法，参数是:[]
11:01:55.359 [[34mhttp-nio-80-exec-4[0;39m] [34mINFO [0;39m com.yh.aop.LogAop - [[34mafter[0;39m,63] - ==============>>>>>2023-11-11 11:01:55执行ProductServicelmpl类的findAll方法结束,花费的时间是：7ms
11:02:11.687 [[34mhttp-nio-80-exec-3[0;39m] [34mINFO [0;39m com.yh.aop.LogAop - [[34mbefore[0;39m,46] - ==============>>>>>2023-11-11 11:02:11进入到了ProductServicelmpl类的findById方法，参数是:[25]
11:02:11.692 [[34mhttp-nio-80-exec-3[0;39m] [34mINFO [0;39m com.yh.aop.LogAop - [[34mafter[0;39m,63] - ==============>>>>>2023-11-11 11:02:11执行ProductServicelmpl类的findById方法结束,花费的时间是：5ms
11:02:14.339 [[34mhttp-nio-80-exec-1[0;39m] [34mINFO [0;39m com.yh.aop.LogAop - [[34mbefore[0;39m,46] - ==============>>>>>2023-11-11 11:02:14进入到了ProductServicelmpl类的findAll方法，参数是:[]
11:02:14.344 [[34mhttp-nio-80-exec-1[0;39m] [34mINFO [0;39m com.yh.aop.LogAop - [[34mafter[0;39m,63] - ==============>>>>>2023-11-11 11:02:14执行ProductServicelmpl类的findAll方法结束,花费的时间是：5ms
11:24:36.458 [[34mhttp-nio-80-exec-7[0;39m] [34mINFO [0;39m com.yh.aop.LogAop - [[34mbefore[0;39m,46] - ==============>>>>>2023-11-11 11:24:36进入到了OrderServiceImpl类的findAll方法，参数是:[]
11:24:36.480 [[34mhttp-nio-80-exec-7[0;39m] [34mINFO [0;39m com.yh.aop.LogAop - [[34mafter[0;39m,63] - ==============>>>>>2023-11-11 11:24:36执行OrderServiceImpl类的findAll方法结束,花费的时间是：22ms
11:32:04.349 [[34mhttp-nio-80-exec-10[0;39m] [34mINFO [0;39m com.yh.aop.LogAop - [[34mbefore[0;39m,46] - ==============>>>>>2023-11-11 11:32:04进入到了OrderServiceImpl类的findAll方法，参数是:[]
11:32:04.367 [[34mhttp-nio-80-exec-10[0;39m] [34mINFO [0;39m com.yh.aop.LogAop - [[34mafter[0;39m,63] - ==============>>>>>2023-11-11 11:32:04执行OrderServiceImpl类的findAll方法结束,花费的时间是：19ms
11:32:09.125 [[34mhttp-nio-80-exec-9[0;39m] [34mINFO [0;39m com.yh.aop.LogAop - [[34mbefore[0;39m,46] - ==============>>>>>2023-11-11 11:32:09进入到了OrderServiceImpl类的findAll方法，参数是:[]
11:32:09.137 [[34mhttp-nio-80-exec-9[0;39m] [34mINFO [0;39m com.yh.aop.LogAop - [[34mafter[0;39m,63] - ==============>>>>>2023-11-11 11:32:09执行OrderServiceImpl类的findAll方法结束,花费的时间是：12ms
11:32:17.175 [[34mhttp-nio-80-exec-7[0;39m] [34mINFO [0;39m com.yh.aop.LogAop - [[34mbefore[0;39m,46] - ==============>>>>>2023-11-11 11:32:17进入到了OrderServiceImpl类的findAll方法，参数是:[]
11:32:17.185 [[34mhttp-nio-80-exec-7[0;39m] [34mINFO [0;39m com.yh.aop.LogAop - [[34mafter[0;39m,63] - ==============>>>>>2023-11-11 11:32:17执行OrderServiceImpl类的findAll方法结束,花费的时间是：10ms
11:32:57.196 [[34mhttp-nio-80-exec-8[0;39m] [34mINFO [0;39m com.yh.aop.LogAop - [[34mbefore[0;39m,46] - ==============>>>>>2023-11-11 11:32:57进入到了OrderServiceImpl类的findAll方法，参数是:[]
11:32:57.203 [[34mhttp-nio-80-exec-8[0;39m] [34mINFO [0;39m com.yh.aop.LogAop - [[34mafter[0;39m,63] - ==============>>>>>2023-11-11 11:32:57执行OrderServiceImpl类的findAll方法结束,花费的时间是：7ms
11:36:12.933 [[34mhttp-nio-80-exec-4[0;39m] [34mINFO [0;39m com.yh.aop.LogAop - [[34mbefore[0;39m,46] - ==============>>>>>2023-11-11 11:36:12进入到了OrderServiceImpl类的findAll方法，参数是:[]
11:36:12.948 [[34mhttp-nio-80-exec-4[0;39m] [34mINFO [0;39m com.yh.aop.LogAop - [[34mafter[0;39m,63] - ==============>>>>>2023-11-11 11:36:12执行OrderServiceImpl类的findAll方法结束,花费的时间是：15ms
11:36:18.679 [[34mhttp-nio-80-exec-5[0;39m] [34mINFO [0;39m com.yh.aop.LogAop - [[34mbefore[0;39m,46] - ==============>>>>>2023-11-11 11:36:18进入到了OrderServiceImpl类的findAll方法，参数是:[]
11:36:18.686 [[34mhttp-nio-80-exec-5[0;39m] [34mINFO [0;39m com.yh.aop.LogAop - [[34mafter[0;39m,63] - ==============>>>>>2023-11-11 11:36:18执行OrderServiceImpl类的findAll方法结束,花费的时间是：7ms
11:36:20.755 [[34mhttp-nio-80-exec-1[0;39m] [34mINFO [0;39m com.yh.aop.LogAop - [[34mbefore[0;39m,46] - ==============>>>>>2023-11-11 11:36:20进入到了ProductServicelmpl类的findAll方法，参数是:[]
11:36:20.762 [[34mhttp-nio-80-exec-1[0;39m] [34mINFO [0;39m com.yh.aop.LogAop - [[34mafter[0;39m,63] - ==============>>>>>2023-11-11 11:36:20执行ProductServicelmpl类的findAll方法结束,花费的时间是：7ms
11:36:22.710 [[34mhttp-nio-80-exec-4[0;39m] [34mINFO [0;39m com.yh.aop.LogAop - [[34mbefore[0;39m,46] - ==============>>>>>2023-11-11 11:36:22进入到了ProductServicelmpl类的findById方法，参数是:[25]
11:36:22.713 [[34mhttp-nio-80-exec-4[0;39m] [34mINFO [0;39m com.yh.aop.LogAop - [[34mafter[0;39m,63] - ==============>>>>>2023-11-11 11:36:22执行ProductServicelmpl类的findById方法结束,花费的时间是：3ms
11:36:27.249 [[34mhttp-nio-80-exec-9[0;39m] [34mINFO [0;39m com.yh.aop.LogAop - [[34mbefore[0;39m,46] - ==============>>>>>2023-11-11 11:36:27进入到了ProductServicelmpl类的findAll方法，参数是:[]
11:36:27.254 [[34mhttp-nio-80-exec-9[0;39m] [34mINFO [0;39m com.yh.aop.LogAop - [[34mafter[0;39m,63] - ==============>>>>>2023-11-11 11:36:27执行ProductServicelmpl类的findAll方法结束,花费的时间是：5ms
11:39:42.268 [[34mhttp-nio-80-exec-8[0;39m] [34mINFO [0;39m com.yh.aop.LogAop - [[34mbefore[0;39m,46] - ==============>>>>>2023-11-11 11:39:42进入到了ProductServicelmpl类的findAll方法，参数是:[]
11:39:42.282 [[34mhttp-nio-80-exec-8[0;39m] [34mINFO [0;39m com.yh.aop.LogAop - [[34mafter[0;39m,63] - ==============>>>>>2023-11-11 11:39:42执行ProductServicelmpl类的findAll方法结束,花费的时间是：14ms
11:39:46.238 [[34mhttp-nio-80-exec-6[0;39m] [34mINFO [0;39m com.yh.aop.LogAop - [[34mbefore[0;39m,46] - ==============>>>>>2023-11-11 11:39:46进入到了OrderServiceImpl类的findAll方法，参数是:[]
11:39:46.250 [[34mhttp-nio-80-exec-6[0;39m] [34mINFO [0;39m com.yh.aop.LogAop - [[34mafter[0;39m,63] - ==============>>>>>2023-11-11 11:39:46执行OrderServiceImpl类的findAll方法结束,花费的时间是：12ms
11:40:32.182 [[34mhttp-nio-80-exec-9[0;39m] [34mINFO [0;39m com.yh.aop.LogAop - [[34mbefore[0;39m,46] - ==============>>>>>2023-11-11 11:40:32进入到了OrderServiceImpl类的findAll方法，参数是:[]
11:40:32.211 [[34mhttp-nio-80-exec-9[0;39m] [34mINFO [0;39m com.yh.aop.LogAop - [[34mafter[0;39m,63] - ==============>>>>>2023-11-11 11:40:32执行OrderServiceImpl类的findAll方法结束,花费的时间是：29ms
11:47:02.865 [[34mhttp-nio-80-exec-5[0;39m] [34mINFO [0;39m com.yh.aop.LogAop - [[34mbefore[0;39m,46] - ==============>>>>>2023-11-11 11:47:02进入到了OrderServiceImpl类的findAll方法，参数是:[]
11:47:02.887 [[34mhttp-nio-80-exec-5[0;39m] [34mINFO [0;39m com.yh.aop.LogAop - [[34mafter[0;39m,63] - ==============>>>>>2023-11-11 11:47:02执行OrderServiceImpl类的findAll方法结束,花费的时间是：22ms
11:47:04.039 [[34mhttp-nio-80-exec-4[0;39m] [34mINFO [0;39m com.yh.aop.LogAop - [[34mbefore[0;39m,46] - ==============>>>>>2023-11-11 11:47:04进入到了ProductServicelmpl类的findAll方法，参数是:[]
11:47:04.045 [[34mhttp-nio-80-exec-4[0;39m] [34mINFO [0;39m com.yh.aop.LogAop - [[34mafter[0;39m,63] - ==============>>>>>2023-11-11 11:47:04执行ProductServicelmpl类的findAll方法结束,花费的时间是：6ms
